<html>
<head>
<title>TestNG:  Test</title>
<link href="../testng.css" rel="stylesheet" type="text/css" />
<link href="../my-testng.css" rel="stylesheet" type="text/css" />

<style type="text/css">
.log { display: none;} 
.stack-trace { display: none;} 
</style>
<script type="text/javascript">
<!--
function flip(e) {
  current = e.style.display;
  if (current == 'block') {
    e.style.display = 'none';
    return 0;
  }
  else {
    e.style.display = 'block';
    return 1;
  }
}

function toggleBox(szDivId, elem, msg1, msg2)
{
  var res = -1;  if (document.getElementById) {
    res = flip(document.getElementById(szDivId));
  }
  else if (document.all) {
    // this is the way old msie versions work
    res = flip(document.all[szDivId]);
  }
  if(elem) {
    if(res == 0) elem.innerHTML = msg1; else elem.innerHTML = msg2;
  }

}

function toggleAllBoxes() {
  if (document.getElementsByTagName) {
    d = document.getElementsByTagName('div');
    for (i = 0; i < d.length; i++) {
      if (d[i].className == 'log') {
        flip(d[i]);
      }
    }
  }
}

// -->
</script>

</head>
<body>
<h2 align='center'>Test</h2><table border='1' align="center">
<tr>
<td>Tests passed/Failed/Skipped:</td><td>36/2/0</td>
</tr><tr>
<td>Started on:</td><td>Tue Dec 07 17:19:47 IST 2021</td>
</tr>
<tr><td>Total time:</td><td>52 seconds (52331 ms)</td>
</tr><tr>
<td>Included groups:</td><td></td>
</tr><tr>
<td>Excluded groups:</td><td></td>
</tr>
</table><p/>
<small><i>(Hover the method name to see the test class name)</i></small><p/>
<table width='100%' border='1' class='invocation-failed'>
<tr><td colspan='4' align='center'><b>FAILED TESTS</b></td></tr>
<tr><td><b>Test method</b></td>
<td width="30%"><b>Exception</b></td>
<td width="10%"><b>Time (seconds)</b></td>
<td><b>Instance</b></td>
</tr>
<tr>
<td title='com.rsr.qa.testcases.ApplicationConfigurationTest.AppConfigModule()'><b>AppConfigModule</b><br>Test class: com.rsr.qa.testcases.ApplicationConfigurationTest</td>
<td><div><pre>org.openqa.selenium.ElementClickInterceptedException: element click intercepted: Element &lt;a href=&quot;/application-configuration&quot;&gt;...&lt;/a&gt; is not clickable at point (119, 181). Other element would receive the click: &lt;div class=&quot;ReactModal__Overlay ReactModal__Overlay--after-open&quot; style=&quot;position: fixed; inset: 0px; background-color: rgba(255, 255, 255, 0.75);&quot;&gt;...&lt;/div&gt;
  (Session info: chrome=96.0.4664.45)
Build info: version: &apos;3.141.59&apos;, revision: &apos;e82be7d358&apos;, time: &apos;2018-11-14T08:17:03&apos;
System info: host: &apos;DESKTOP-BG3KCPN&apos;, ip: &apos;192.168.1.107&apos;, os.name: &apos;Windows 10&apos;, os.arch: &apos;amd64&apos;, os.version: &apos;10.0&apos;, java.version: &apos;1.8.0_181&apos;
Driver info: org.openqa.selenium.chrome.ChromeDriver
Capabilities {acceptInsecureCerts: false, browserName: chrome, browserVersion: 96.0.4664.45, chrome: {chromedriverVersion: 96.0.4664.45 (76e4c1bb2ab46..., userDataDir: C:\Users\HP\AppData\Local\T...}, goog:chromeOptions: {debuggerAddress: localhost:56600}, javascriptEnabled: true, networkConnectionEnabled: false, pageLoadStrategy: normal, platform: WINDOWS, platformName: WINDOWS, proxy: Proxy(), setWindowRect: true, strictFileInteractability: false, timeouts: {implicit: 0, pageLoad: 300000, script: 30000}, unhandledPromptBehavior: dismiss and notify, webauthn:extension:credBlob: true, webauthn:extension:largeBlob: true, webauthn:virtualAuthenticators: true}
Session ID: dfb711fe7edacb1f05dd4f70c16398ad
	at org.openqa.selenium.remote.http.W3CHttpResponseCodec.createException(W3CHttpResponseCodec.java:187)
	at org.openqa.selenium.remote.http.W3CHttpResponseCodec.decode(W3CHttpResponseCodec.java:122)
	at org.openqa.selenium.remote.http.W3CHttpResponseCodec.decode(W3CHttpResponseCodec.java:49)
	at org.openqa.selenium.remote.HttpCommandExecutor.execute(HttpCommandExecutor.java:158)
	at org.openqa.selenium.remote.service.DriverCommandExecutor.execute(DriverCommandExecutor.java:83)
	at org.openqa.selenium.remote.RemoteWebDriver.execute(RemoteWebDriver.java:552)
	at org.openqa.selenium.remote.RemoteWebElement.execute(RemoteWebElement.java:285)
	at org.openqa.selenium.remote.RemoteWebElement.click(RemoteWebElement.java:84)
	at org.openqa.selenium.support.pagefactory.internal.LocatingElementHandler.invoke(LocatingElementHandler.java:51)
	at com.sun.proxy.$Proxy9.click(Unknown Source)
	at com.rsr.qa.pages.ApplicationConfiguration.AppConfig(ApplicationConfiguration.java:81)
	at com.rsr.qa.testcases.ApplicationConfigurationTest.AppConfigModule(ApplicationConfigurationTest.java:70)
	at java.util.ArrayList.forEach(ArrayList.java:1257)
... Removed 35 stack frames</pre></div><a href='#' onClick='toggleBox("stack-trace491152599", this, "Click to show all stack frames", "Click to hide stack frames")'>Click to show all stack frames</a>
<div class='stack-trace' id='stack-trace491152599'><pre>org.openqa.selenium.ElementClickInterceptedException: element click intercepted: Element &lt;a href=&quot;/application-configuration&quot;&gt;...&lt;/a&gt; is not clickable at point (119, 181). Other element would receive the click: &lt;div class=&quot;ReactModal__Overlay ReactModal__Overlay--after-open&quot; style=&quot;position: fixed; inset: 0px; background-color: rgba(255, 255, 255, 0.75);&quot;&gt;...&lt;/div&gt;
  (Session info: chrome=96.0.4664.45)
Build info: version: &apos;3.141.59&apos;, revision: &apos;e82be7d358&apos;, time: &apos;2018-11-14T08:17:03&apos;
System info: host: &apos;DESKTOP-BG3KCPN&apos;, ip: &apos;192.168.1.107&apos;, os.name: &apos;Windows 10&apos;, os.arch: &apos;amd64&apos;, os.version: &apos;10.0&apos;, java.version: &apos;1.8.0_181&apos;
Driver info: org.openqa.selenium.chrome.ChromeDriver
Capabilities {acceptInsecureCerts: false, browserName: chrome, browserVersion: 96.0.4664.45, chrome: {chromedriverVersion: 96.0.4664.45 (76e4c1bb2ab46..., userDataDir: C:\Users\HP\AppData\Local\T...}, goog:chromeOptions: {debuggerAddress: localhost:56600}, javascriptEnabled: true, networkConnectionEnabled: false, pageLoadStrategy: normal, platform: WINDOWS, platformName: WINDOWS, proxy: Proxy(), setWindowRect: true, strictFileInteractability: false, timeouts: {implicit: 0, pageLoad: 300000, script: 30000}, unhandledPromptBehavior: dismiss and notify, webauthn:extension:credBlob: true, webauthn:extension:largeBlob: true, webauthn:virtualAuthenticators: true}
Session ID: dfb711fe7edacb1f05dd4f70c16398ad
	at sun.reflect.NativeConstructorAccessorImpl.newInstance0(Native Method)
	at sun.reflect.NativeConstructorAccessorImpl.newInstance(NativeConstructorAccessorImpl.java:62)
	at sun.reflect.DelegatingConstructorAccessorImpl.newInstance(DelegatingConstructorAccessorImpl.java:45)
	at java.lang.reflect.Constructor.newInstance(Constructor.java:423)
	at org.openqa.selenium.remote.http.W3CHttpResponseCodec.createException(W3CHttpResponseCodec.java:187)
	at org.openqa.selenium.remote.http.W3CHttpResponseCodec.decode(W3CHttpResponseCodec.java:122)
	at org.openqa.selenium.remote.http.W3CHttpResponseCodec.decode(W3CHttpResponseCodec.java:49)
	at org.openqa.selenium.remote.HttpCommandExecutor.execute(HttpCommandExecutor.java:158)
	at org.openqa.selenium.remote.service.DriverCommandExecutor.execute(DriverCommandExecutor.java:83)
	at org.openqa.selenium.remote.RemoteWebDriver.execute(RemoteWebDriver.java:552)
	at org.openqa.selenium.remote.RemoteWebElement.execute(RemoteWebElement.java:285)
	at org.openqa.selenium.remote.RemoteWebElement.click(RemoteWebElement.java:84)
	at sun.reflect.NativeMethodAccessorImpl.invoke0(Native Method)
	at sun.reflect.NativeMethodAccessorImpl.invoke(NativeMethodAccessorImpl.java:62)
	at sun.reflect.DelegatingMethodAccessorImpl.invoke(DelegatingMethodAccessorImpl.java:43)
	at java.lang.reflect.Method.invoke(Method.java:498)
	at org.openqa.selenium.support.pagefactory.internal.LocatingElementHandler.invoke(LocatingElementHandler.java:51)
	at com.sun.proxy.$Proxy9.click(Unknown Source)
	at com.rsr.qa.pages.ApplicationConfiguration.AppConfig(ApplicationConfiguration.java:81)
	at com.rsr.qa.testcases.ApplicationConfigurationTest.AppConfigModule(ApplicationConfigurationTest.java:70)
	at sun.reflect.NativeMethodAccessorImpl.invoke0(Native Method)
	at sun.reflect.NativeMethodAccessorImpl.invoke(NativeMethodAccessorImpl.java:62)
	at sun.reflect.DelegatingMethodAccessorImpl.invoke(DelegatingMethodAccessorImpl.java:43)
	at java.lang.reflect.Method.invoke(Method.java:498)
	at org.testng.internal.MethodInvocationHelper.invokeMethod(MethodInvocationHelper.java:133)
	at org.testng.internal.TestInvoker.invokeMethod(TestInvoker.java:598)
	at org.testng.internal.TestInvoker.invokeTestMethod(TestInvoker.java:173)
	at org.testng.internal.MethodRunner.runInSequence(MethodRunner.java:46)
	at org.testng.internal.TestInvoker$MethodInvocationAgent.invoke(TestInvoker.java:824)
	at org.testng.internal.TestInvoker.invokeTestMethods(TestInvoker.java:146)
	at org.testng.internal.TestMethodWorker.invokeTestMethods(TestMethodWorker.java:146)
	at org.testng.internal.TestMethodWorker.run(TestMethodWorker.java:128)
	at java.util.ArrayList.forEach(ArrayList.java:1257)
	at org.testng.TestRunner.privateRun(TestRunner.java:794)
	at org.testng.TestRunner.run(TestRunner.java:596)
	at org.testng.SuiteRunner.runTest(SuiteRunner.java:377)
	at org.testng.SuiteRunner.runSequentially(SuiteRunner.java:371)
	at org.testng.SuiteRunner.privateRun(SuiteRunner.java:332)
	at org.testng.SuiteRunner.run(SuiteRunner.java:276)
	at org.testng.SuiteRunnerWorker.runSuite(SuiteRunnerWorker.java:53)
	at org.testng.SuiteRunnerWorker.run(SuiteRunnerWorker.java:96)
	at org.testng.TestNG.runSuitesSequentially(TestNG.java:1212)
	at org.testng.TestNG.runSuitesLocally(TestNG.java:1134)
	at org.testng.TestNG.runSuites(TestNG.java:1063)
	at org.testng.TestNG.run(TestNG.java:1031)
	at org.testng.remote.AbstractRemoteTestNG.run(AbstractRemoteTestNG.java:115)
	at org.testng.remote.RemoteTestNG.initAndRun(RemoteTestNG.java:251)
	at org.testng.remote.RemoteTestNG.main(RemoteTestNG.java:77)
</pre></div></td>
<td>1</td>
<td>com.rsr.qa.testcases.ApplicationConfigurationTest@4f51b3e0</td></tr>
<tr>
<td title='com.rsr.qa.testcases.SignUpTest.ReCapthabut()'><b>ReCapthabut</b><br>Test class: com.rsr.qa.testcases.SignUpTest</td>
<td><div><pre>org.openqa.selenium.ElementClickInterceptedException: element click intercepted: Element is not clickable at point (630, 692)
  (Session info: chrome=96.0.4664.45)
Build info: version: &apos;3.141.59&apos;, revision: &apos;e82be7d358&apos;, time: &apos;2018-11-14T08:17:03&apos;
System info: host: &apos;DESKTOP-BG3KCPN&apos;, ip: &apos;192.168.1.107&apos;, os.name: &apos;Windows 10&apos;, os.arch: &apos;amd64&apos;, os.version: &apos;10.0&apos;, java.version: &apos;1.8.0_181&apos;
Driver info: org.openqa.selenium.chrome.ChromeDriver
Capabilities {acceptInsecureCerts: false, browserName: chrome, browserVersion: 96.0.4664.45, chrome: {chromedriverVersion: 96.0.4664.45 (76e4c1bb2ab46..., userDataDir: C:\Users\HP\AppData\Local\T...}, goog:chromeOptions: {debuggerAddress: localhost:56551}, javascriptEnabled: true, networkConnectionEnabled: false, pageLoadStrategy: normal, platform: WINDOWS, platformName: WINDOWS, proxy: Proxy(), setWindowRect: true, strictFileInteractability: false, timeouts: {implicit: 0, pageLoad: 300000, script: 30000}, unhandledPromptBehavior: dismiss and notify, webauthn:extension:credBlob: true, webauthn:extension:largeBlob: true, webauthn:virtualAuthenticators: true}
Session ID: e1af3eef62aea0a24d3ae3e8113fb8c6
	at org.openqa.selenium.remote.http.W3CHttpResponseCodec.createException(W3CHttpResponseCodec.java:187)
	at org.openqa.selenium.remote.http.W3CHttpResponseCodec.decode(W3CHttpResponseCodec.java:122)
	at org.openqa.selenium.remote.http.W3CHttpResponseCodec.decode(W3CHttpResponseCodec.java:49)
	at org.openqa.selenium.remote.HttpCommandExecutor.execute(HttpCommandExecutor.java:158)
	at org.openqa.selenium.remote.service.DriverCommandExecutor.execute(DriverCommandExecutor.java:83)
	at org.openqa.selenium.remote.RemoteWebDriver.execute(RemoteWebDriver.java:552)
	at org.openqa.selenium.remote.RemoteWebElement.execute(RemoteWebElement.java:285)
	at org.openqa.selenium.remote.RemoteWebElement.click(RemoteWebElement.java:84)
	at com.rsr.qa.pages.SignUpPage.rC(SignUpPage.java:302)
	at com.rsr.qa.testcases.SignUpTest.ReCapthabut(SignUpTest.java:224)
	at java.util.ArrayList.forEach(ArrayList.java:1257)
... Removed 31 stack frames</pre></div><a href='#' onClick='toggleBox("stack-trace1211586911", this, "Click to show all stack frames", "Click to hide stack frames")'>Click to show all stack frames</a>
<div class='stack-trace' id='stack-trace1211586911'><pre>org.openqa.selenium.ElementClickInterceptedException: element click intercepted: Element is not clickable at point (630, 692)
  (Session info: chrome=96.0.4664.45)
Build info: version: &apos;3.141.59&apos;, revision: &apos;e82be7d358&apos;, time: &apos;2018-11-14T08:17:03&apos;
System info: host: &apos;DESKTOP-BG3KCPN&apos;, ip: &apos;192.168.1.107&apos;, os.name: &apos;Windows 10&apos;, os.arch: &apos;amd64&apos;, os.version: &apos;10.0&apos;, java.version: &apos;1.8.0_181&apos;
Driver info: org.openqa.selenium.chrome.ChromeDriver
Capabilities {acceptInsecureCerts: false, browserName: chrome, browserVersion: 96.0.4664.45, chrome: {chromedriverVersion: 96.0.4664.45 (76e4c1bb2ab46..., userDataDir: C:\Users\HP\AppData\Local\T...}, goog:chromeOptions: {debuggerAddress: localhost:56551}, javascriptEnabled: true, networkConnectionEnabled: false, pageLoadStrategy: normal, platform: WINDOWS, platformName: WINDOWS, proxy: Proxy(), setWindowRect: true, strictFileInteractability: false, timeouts: {implicit: 0, pageLoad: 300000, script: 30000}, unhandledPromptBehavior: dismiss and notify, webauthn:extension:credBlob: true, webauthn:extension:largeBlob: true, webauthn:virtualAuthenticators: true}
Session ID: e1af3eef62aea0a24d3ae3e8113fb8c6
	at sun.reflect.NativeConstructorAccessorImpl.newInstance0(Native Method)
	at sun.reflect.NativeConstructorAccessorImpl.newInstance(NativeConstructorAccessorImpl.java:62)
	at sun.reflect.DelegatingConstructorAccessorImpl.newInstance(DelegatingConstructorAccessorImpl.java:45)
	at java.lang.reflect.Constructor.newInstance(Constructor.java:423)
	at org.openqa.selenium.remote.http.W3CHttpResponseCodec.createException(W3CHttpResponseCodec.java:187)
	at org.openqa.selenium.remote.http.W3CHttpResponseCodec.decode(W3CHttpResponseCodec.java:122)
	at org.openqa.selenium.remote.http.W3CHttpResponseCodec.decode(W3CHttpResponseCodec.java:49)
	at org.openqa.selenium.remote.HttpCommandExecutor.execute(HttpCommandExecutor.java:158)
	at org.openqa.selenium.remote.service.DriverCommandExecutor.execute(DriverCommandExecutor.java:83)
	at org.openqa.selenium.remote.RemoteWebDriver.execute(RemoteWebDriver.java:552)
	at org.openqa.selenium.remote.RemoteWebElement.execute(RemoteWebElement.java:285)
	at org.openqa.selenium.remote.RemoteWebElement.click(RemoteWebElement.java:84)
	at com.rsr.qa.pages.SignUpPage.rC(SignUpPage.java:302)
	at com.rsr.qa.testcases.SignUpTest.ReCapthabut(SignUpTest.java:224)
	at sun.reflect.NativeMethodAccessorImpl.invoke0(Native Method)
	at sun.reflect.NativeMethodAccessorImpl.invoke(NativeMethodAccessorImpl.java:62)
	at sun.reflect.DelegatingMethodAccessorImpl.invoke(DelegatingMethodAccessorImpl.java:43)
	at java.lang.reflect.Method.invoke(Method.java:498)
	at org.testng.internal.MethodInvocationHelper.invokeMethod(MethodInvocationHelper.java:133)
	at org.testng.internal.TestInvoker.invokeMethod(TestInvoker.java:598)
	at org.testng.internal.TestInvoker.invokeTestMethod(TestInvoker.java:173)
	at org.testng.internal.MethodRunner.runInSequence(MethodRunner.java:46)
	at org.testng.internal.TestInvoker$MethodInvocationAgent.invoke(TestInvoker.java:824)
	at org.testng.internal.TestInvoker.invokeTestMethods(TestInvoker.java:146)
	at org.testng.internal.TestMethodWorker.invokeTestMethods(TestMethodWorker.java:146)
	at org.testng.internal.TestMethodWorker.run(TestMethodWorker.java:128)
	at java.util.ArrayList.forEach(ArrayList.java:1257)
	at org.testng.TestRunner.privateRun(TestRunner.java:794)
	at org.testng.TestRunner.run(TestRunner.java:596)
	at org.testng.SuiteRunner.runTest(SuiteRunner.java:377)
	at org.testng.SuiteRunner.runSequentially(SuiteRunner.java:371)
	at org.testng.SuiteRunner.privateRun(SuiteRunner.java:332)
	at org.testng.SuiteRunner.run(SuiteRunner.java:276)
	at org.testng.SuiteRunnerWorker.runSuite(SuiteRunnerWorker.java:53)
	at org.testng.SuiteRunnerWorker.run(SuiteRunnerWorker.java:96)
	at org.testng.TestNG.runSuitesSequentially(TestNG.java:1212)
	at org.testng.TestNG.runSuitesLocally(TestNG.java:1134)
	at org.testng.TestNG.runSuites(TestNG.java:1063)
	at org.testng.TestNG.run(TestNG.java:1031)
	at org.testng.remote.AbstractRemoteTestNG.run(AbstractRemoteTestNG.java:115)
	at org.testng.remote.RemoteTestNG.initAndRun(RemoteTestNG.java:251)
	at org.testng.remote.RemoteTestNG.main(RemoteTestNG.java:77)
</pre></div></td>
<td>1</td>
<td>com.rsr.qa.testcases.SignUpTest@6dde5c8c</td></tr>
</table><p>
<table width='100%' border='1' class='invocation-passed'>
<tr><td colspan='4' align='center'><b>PASSED TESTS</b></td></tr>
<tr><td><b>Test method</b></td>
<td width="30%"><b>Exception</b></td>
<td width="10%"><b>Time (seconds)</b></td>
<td><b>Instance</b></td>
</tr>
<tr>
<td title='com.rsr.qa.testcases.SignUpTest.LastName()'><b>LastName</b><br>Test class: com.rsr.qa.testcases.SignUpTest</td>
<td></td>
<td>0</td>
<td>com.rsr.qa.testcases.SignUpTest@6dde5c8c</td></tr>
<tr>
<td title='com.rsr.qa.testcases.SignUpTest.EmailAddress()'><b>EmailAddress</b><br>Test class: com.rsr.qa.testcases.SignUpTest</td>
<td></td>
<td>0</td>
<td>com.rsr.qa.testcases.SignUpTest@6dde5c8c</td></tr>
<tr>
<td title='com.rsr.qa.testcases.SignUpTest.SSS()'><b>SSS</b><br>Test class: com.rsr.qa.testcases.SignUpTest</td>
<td></td>
<td>0</td>
<td>com.rsr.qa.testcases.SignUpTest@6dde5c8c</td></tr>
<tr>
<td title='com.rsr.qa.testcases.ApplicationConfigurationTest.ListOfDomainNames()'><b>ListOfDomainNames</b><br>Test class: com.rsr.qa.testcases.ApplicationConfigurationTest</td>
<td></td>
<td>4</td>
<td>com.rsr.qa.testcases.ApplicationConfigurationTest@4f51b3e0</td></tr>
<tr>
<td title='com.rsr.qa.testcases.SignUpTest.HomePage()'><b>HomePage</b><br>Test class: com.rsr.qa.testcases.SignUpTest</td>
<td></td>
<td>0</td>
<td>com.rsr.qa.testcases.SignUpTest@6dde5c8c</td></tr>
<tr>
<td title='com.rsr.qa.testcases.ApplicationConfigurationTest.Output_files_list()'><b>Output_files_list</b><br>Test class: com.rsr.qa.testcases.ApplicationConfigurationTest</td>
<td></td>
<td>1</td>
<td>com.rsr.qa.testcases.ApplicationConfigurationTest@4f51b3e0</td></tr>
<tr>
<td title='com.rsr.qa.testcases.userinfopageTest.confirencruser()'><b>confirencruser</b><br>Test class: com.rsr.qa.testcases.userinfopageTest</td>
<td></td>
<td>0</td>
<td>com.rsr.qa.testcases.userinfopageTest@1e4a7dd4</td></tr>
<tr>
<td title='com.rsr.qa.testcases.SignUpTest.signup()'><b>signup</b><br>Test class: com.rsr.qa.testcases.SignUpTest</td>
<td></td>
<td>6</td>
<td>com.rsr.qa.testcases.SignUpTest@6dde5c8c</td></tr>
<tr>
<td title='com.rsr.qa.testcases.SigninTest.clickinBut()'><b>clickinBut</b><br>Test class: com.rsr.qa.testcases.SigninTest</td>
<td></td>
<td>0</td>
<td>com.rsr.qa.testcases.SigninTest@48a242ce</td></tr>
<tr>
<td title='com.rsr.qa.testcases.ApplicationConfigurationTest.SMTP_Server_Port()'><b>SMTP_Server_Port</b><br>Test class: com.rsr.qa.testcases.ApplicationConfigurationTest</td>
<td></td>
<td>0</td>
<td>com.rsr.qa.testcases.ApplicationConfigurationTest@4f51b3e0</td></tr>
<tr>
<td title='com.rsr.qa.testcases.ApplicationConfigurationTest.ReviewerScopeMailerId()'><b>ReviewerScopeMailerId</b><br>Test class: com.rsr.qa.testcases.ApplicationConfigurationTest</td>
<td></td>
<td>0</td>
<td>com.rsr.qa.testcases.ApplicationConfigurationTest@4f51b3e0</td></tr>
<tr>
<td title='com.rsr.qa.testcases.SignUpTest.Password()'><b>Password</b><br>Test class: com.rsr.qa.testcases.SignUpTest</td>
<td></td>
<td>0</td>
<td>com.rsr.qa.testcases.SignUpTest@6dde5c8c</td></tr>
<tr>
<td title='com.rsr.qa.testcases.ApplicationConfigurationTest.CloseSavedDataPopup()'><b>CloseSavedDataPopup</b><br>Test class: com.rsr.qa.testcases.ApplicationConfigurationTest</td>
<td></td>
<td>0</td>
<td>com.rsr.qa.testcases.ApplicationConfigurationTest@4f51b3e0</td></tr>
<tr>
<td title='com.rsr.qa.testcases.SignUpTest.RoleInConference()'><b>RoleInConference</b><br>Test class: com.rsr.qa.testcases.SignUpTest</td>
<td></td>
<td>0</td>
<td>com.rsr.qa.testcases.SignUpTest@6dde5c8c</td></tr>
<tr>
<td title='com.rsr.qa.testcases.SignUpTest.signupbutton()'><b>signupbutton</b><br>Test class: com.rsr.qa.testcases.SignUpTest</td>
<td></td>
<td>0</td>
<td>com.rsr.qa.testcases.SignUpTest@6dde5c8c</td></tr>
<tr>
<td title='com.rsr.qa.testcases.ApplicationConfigurationTest.Question_Query_params()'><b>Question_Query_params</b><br>Test class: com.rsr.qa.testcases.ApplicationConfigurationTest</td>
<td></td>
<td>0</td>
<td>com.rsr.qa.testcases.ApplicationConfigurationTest@4f51b3e0</td></tr>
<tr>
<td title='com.rsr.qa.testcases.ApplicationConfigurationTest.File_upload_Query_params()'><b>File_upload_Query_params</b><br>Test class: com.rsr.qa.testcases.ApplicationConfigurationTest</td>
<td></td>
<td>0</td>
<td>com.rsr.qa.testcases.ApplicationConfigurationTest@4f51b3e0</td></tr>
<tr>
<td title='com.rsr.qa.testcases.userinfopageTest.UserInfoBaseTest1()'><b>UserInfoBaseTest1</b><br>Test class: com.rsr.qa.testcases.userinfopageTest</td>
<td></td>
<td>0</td>
<td>com.rsr.qa.testcases.userinfopageTest@1e4a7dd4</td></tr>
<tr>
<td title='com.rsr.qa.testcases.ApplicationConfigurationTest.ReviewerScopeMailerPassword()'><b>ReviewerScopeMailerPassword</b><br>Test class: com.rsr.qa.testcases.ApplicationConfigurationTest</td>
<td></td>
<td>0</td>
<td>com.rsr.qa.testcases.ApplicationConfigurationTest@4f51b3e0</td></tr>
<tr>
<td title='com.rsr.qa.testcases.ApplicationConfigurationTest.SMTP_Server_Host()'><b>SMTP_Server_Host</b><br>Test class: com.rsr.qa.testcases.ApplicationConfigurationTest</td>
<td></td>
<td>0</td>
<td>com.rsr.qa.testcases.ApplicationConfigurationTest@4f51b3e0</td></tr>
<tr>
<td title='com.rsr.qa.testcases.SigninTest.setup()'><b>setup</b><br>Test class: com.rsr.qa.testcases.SigninTest</td>
<td></td>
<td>10</td>
<td>com.rsr.qa.testcases.SigninTest@48a242ce</td></tr>
<tr>
<td title='com.rsr.qa.testcases.SigninTest.loginTest()'><b>loginTest</b><br>Test class: com.rsr.qa.testcases.SigninTest</td>
<td></td>
<td>1</td>
<td>com.rsr.qa.testcases.SigninTest@48a242ce</td></tr>
<tr>
<td title='com.rsr.qa.testcases.SignUpTest.OrganizationName()'><b>OrganizationName</b><br>Test class: com.rsr.qa.testcases.SignUpTest</td>
<td></td>
<td>0</td>
<td>com.rsr.qa.testcases.SignUpTest@6dde5c8c</td></tr>
<tr>
<td title='com.rsr.qa.testcases.SignUpTest.radiobutton()'><b>radiobutton</b><br>Test class: com.rsr.qa.testcases.SignUpTest</td>
<td></td>
<td>0</td>
<td>com.rsr.qa.testcases.SignUpTest@6dde5c8c</td></tr>
<tr>
<td title='com.rsr.qa.testcases.SignUpTest.setup()'><b>setup</b><br>Test class: com.rsr.qa.testcases.SignUpTest</td>
<td></td>
<td>12</td>
<td>com.rsr.qa.testcases.SignUpTest@6dde5c8c</td></tr>
<tr>
<td title='com.rsr.qa.testcases.SignUpTest.CName()'><b>CName</b><br>Test class: com.rsr.qa.testcases.SignUpTest</td>
<td></td>
<td>0</td>
<td>com.rsr.qa.testcases.SignUpTest@6dde5c8c</td></tr>
<tr>
<td title='com.rsr.qa.testcases.ApplicationConfigurationTest.setup()'><b>setup</b><br>Test class: com.rsr.qa.testcases.ApplicationConfigurationTest</td>
<td></td>
<td>0</td>
<td>com.rsr.qa.testcases.ApplicationConfigurationTest@4f51b3e0</td></tr>
<tr>
<td title='com.rsr.qa.testcases.SignUpTest.CUrl()'><b>CUrl</b><br>Test class: com.rsr.qa.testcases.SignUpTest</td>
<td></td>
<td>0</td>
<td>com.rsr.qa.testcases.SignUpTest@6dde5c8c</td></tr>
<tr>
<td title='com.rsr.qa.testcases.userinfopageTest.UserInfoBaseTest11()'><b>UserInfoBaseTest11</b><br>Test class: com.rsr.qa.testcases.userinfopageTest</td>
<td></td>
<td>0</td>
<td>com.rsr.qa.testcases.userinfopageTest@1e4a7dd4</td></tr>
<tr>
<td title='com.rsr.qa.testcases.SignUpTest.CPassword()'><b>CPassword</b><br>Test class: com.rsr.qa.testcases.SignUpTest</td>
<td></td>
<td>0</td>
<td>com.rsr.qa.testcases.SignUpTest@6dde5c8c</td></tr>
<tr>
<td title='com.rsr.qa.testcases.ApplicationConfigurationTest.SubmitButton()'><b>SubmitButton</b><br>Test class: com.rsr.qa.testcases.ApplicationConfigurationTest</td>
<td></td>
<td>0</td>
<td>com.rsr.qa.testcases.ApplicationConfigurationTest@4f51b3e0</td></tr>
<tr>
<td title='com.rsr.qa.testcases.SignUpTest.FirstName()'><b>FirstName</b><br>Test class: com.rsr.qa.testcases.SignUpTest</td>
<td></td>
<td>0</td>
<td>com.rsr.qa.testcases.SignUpTest@6dde5c8c</td></tr>
<tr>
<td title='com.rsr.qa.testcases.userinfopageTest.setup()'><b>setup</b><br>Test class: com.rsr.qa.testcases.userinfopageTest</td>
<td></td>
<td>0</td>
<td>com.rsr.qa.testcases.userinfopageTest@1e4a7dd4</td></tr>
<tr>
<td title='com.rsr.qa.testcases.SignUpTest.Phone()'><b>Phone</b><br>Test class: com.rsr.qa.testcases.SignUpTest</td>
<td></td>
<td>0</td>
<td>com.rsr.qa.testcases.SignUpTest@6dde5c8c</td></tr>
<tr>
<td title='com.rsr.qa.testcases.userinfopageTest.AdminUserLogin()'><b>AdminUserLogin</b><br>Test class: com.rsr.qa.testcases.userinfopageTest</td>
<td></td>
<td>1</td>
<td>com.rsr.qa.testcases.userinfopageTest@1e4a7dd4</td></tr>
<tr>
<td title='com.rsr.qa.testcases.ApplicationConfigurationTest.AdminUserEmail()'><b>AdminUserEmail</b><br>Test class: com.rsr.qa.testcases.ApplicationConfigurationTest</td>
<td></td>
<td>0</td>
<td>com.rsr.qa.testcases.ApplicationConfigurationTest@4f51b3e0</td></tr>
</table><p>
</body>
</html>