<?xml version="1.0" encoding="UTF-8"?>
<!-- Generated by org.testng.reporters.JUnitXMLReporter -->
<testsuite hostname="DESKTOP-BG3KCPN" ignored="0" name="Test" tests="38" failures="2" timestamp="2021-12-07T17:20:39 IST" time="52.331" errors="0">
  <testcase name="setup" time="12.992" classname="com.rsr.qa.testcases.SignUpTest"/>
  <testcase name="signupbutton" time="0.292" classname="com.rsr.qa.testcases.SignUpTest"/>
  <testcase name="FirstName" time="0.437" classname="com.rsr.qa.testcases.SignUpTest"/>
  <testcase name="LastName" time="0.461" classname="com.rsr.qa.testcases.SignUpTest"/>
  <testcase name="OrganizationName" time="0.584" classname="com.rsr.qa.testcases.SignUpTest"/>
  <testcase name="Phone" time="0.634" classname="com.rsr.qa.testcases.SignUpTest"/>
  <testcase name="EmailAddress" time="0.434" classname="com.rsr.qa.testcases.SignUpTest"/>
  <testcase name="Password" time="0.287" classname="com.rsr.qa.testcases.SignUpTest"/>
  <testcase name="CPassword" time="0.287" classname="com.rsr.qa.testcases.SignUpTest"/>
  <testcase name="CName" time="0.284" classname="com.rsr.qa.testcases.SignUpTest"/>
  <testcase name="CUrl" time="0.086" classname="com.rsr.qa.testcases.SignUpTest"/>
  <testcase name="RoleInConference" time="0.408" classname="com.rsr.qa.testcases.SignUpTest"/>
  <testcase name="SSS" time="0.34" classname="com.rsr.qa.testcases.SignUpTest"/>
  <testcase name="radiobutton" time="0.062" classname="com.rsr.qa.testcases.SignUpTest"/>
  <testcase name="ReCapthabut" time="1.362" classname="com.rsr.qa.testcases.SignUpTest">
    <failure type="org.openqa.selenium.ElementClickInterceptedException" message="element click intercepted: Element is not clickable at point (630, 692)
  (Session info: chrome=96.0.4664.45)
Build info: version: &amp;apos;3.141.59&amp;apos;, revision: &amp;apos;e82be7d358&amp;apos;, time: &amp;apos;2018-11-14T08:17:03&amp;apos;
System info: host: &amp;apos;DESKTOP-BG3KCPN&amp;apos;, ip: &amp;apos;192.168.1.107&amp;apos;, os.name: &amp;apos;Windows 10&amp;apos;, os.arch: &amp;apos;amd64&amp;apos;, os.version: &amp;apos;10.0&amp;apos;, java.version: &amp;apos;1.8.0_181&amp;apos;
Driver info: org.openqa.selenium.chrome.ChromeDriver
Capabilities {acceptInsecureCerts: false, browserName: chrome, browserVersion: 96.0.4664.45, chrome: {chromedriverVersion: 96.0.4664.45 (76e4c1bb2ab46..., userDataDir: C:\Users\HP\AppData\Local\T...}, goog:chromeOptions: {debuggerAddress: localhost:56551}, javascriptEnabled: true, networkConnectionEnabled: false, pageLoadStrategy: normal, platform: WINDOWS, platformName: WINDOWS, proxy: Proxy(), setWindowRect: true, strictFileInteractability: false, timeouts: {implicit: 0, pageLoad: 300000, script: 30000}, unhandledPromptBehavior: dismiss and notify, webauthn:extension:credBlob: true, webauthn:extension:largeBlob: true, webauthn:virtualAuthenticators: true}
Session ID: e1af3eef62aea0a24d3ae3e8113fb8c6">
      <![CDATA[org.openqa.selenium.ElementClickInterceptedException: element click intercepted: Element is not clickable at point (630, 692)
  (Session info: chrome=96.0.4664.45)
Build info: version: '3.141.59', revision: 'e82be7d358', time: '2018-11-14T08:17:03'
System info: host: 'DESKTOP-BG3KCPN', ip: '192.168.1.107', os.name: 'Windows 10', os.arch: 'amd64', os.version: '10.0', java.version: '1.8.0_181'
Driver info: org.openqa.selenium.chrome.ChromeDriver
Capabilities {acceptInsecureCerts: false, browserName: chrome, browserVersion: 96.0.4664.45, chrome: {chromedriverVersion: 96.0.4664.45 (76e4c1bb2ab46..., userDataDir: C:\Users\HP\AppData\Local\T...}, goog:chromeOptions: {debuggerAddress: localhost:56551}, javascriptEnabled: true, networkConnectionEnabled: false, pageLoadStrategy: normal, platform: WINDOWS, platformName: WINDOWS, proxy: Proxy(), setWindowRect: true, strictFileInteractability: false, timeouts: {implicit: 0, pageLoad: 300000, script: 30000}, unhandledPromptBehavior: dismiss and notify, webauthn:extension:credBlob: true, webauthn:extension:largeBlob: true, webauthn:virtualAuthenticators: true}
Session ID: e1af3eef62aea0a24d3ae3e8113fb8c6
at org.openqa.selenium.remote.http.W3CHttpResponseCodec.createException(W3CHttpResponseCodec.java:187)
at org.openqa.selenium.remote.http.W3CHttpResponseCodec.decode(W3CHttpResponseCodec.java:122)
at org.openqa.selenium.remote.http.W3CHttpResponseCodec.decode(W3CHttpResponseCodec.java:49)
at org.openqa.selenium.remote.HttpCommandExecutor.execute(HttpCommandExecutor.java:158)
at org.openqa.selenium.remote.service.DriverCommandExecutor.execute(DriverCommandExecutor.java:83)
at org.openqa.selenium.remote.RemoteWebDriver.execute(RemoteWebDriver.java:552)
at org.openqa.selenium.remote.RemoteWebElement.execute(RemoteWebElement.java:285)
at org.openqa.selenium.remote.RemoteWebElement.click(RemoteWebElement.java:84)
at com.rsr.qa.pages.SignUpPage.rC(SignUpPage.java:302)
at com.rsr.qa.testcases.SignUpTest.ReCapthabut(SignUpTest.java:224)
at java.util.ArrayList.forEach(ArrayList.java:1257)
... Removed 31 stack frames]]>
    </failure>
  </testcase> <!-- ReCapthabut -->
  <testcase name="signup" time="6.377" classname="com.rsr.qa.testcases.SignUpTest"/>
  <testcase name="HomePage" time="0.702" classname="com.rsr.qa.testcases.SignUpTest"/>
  <testcase name="setup" time="10.195" classname="com.rsr.qa.testcases.SigninTest"/>
  <testcase name="clickinBut" time="0.264" classname="com.rsr.qa.testcases.SigninTest"/>
  <testcase name="loginTest" time="1.064" classname="com.rsr.qa.testcases.SigninTest"/>
  <testcase name="setup" time="0.01" classname="com.rsr.qa.testcases.userinfopageTest"/>
  <testcase name="UserInfoBaseTest1" time="0.572" classname="com.rsr.qa.testcases.userinfopageTest"/>
  <testcase name="UserInfoBaseTest11" time="0.131" classname="com.rsr.qa.testcases.userinfopageTest"/>
  <testcase name="AdminUserLogin" time="1.1" classname="com.rsr.qa.testcases.userinfopageTest"/>
  <testcase name="confirencruser" time="0.093" classname="com.rsr.qa.testcases.userinfopageTest"/>
  <testcase name="setup" time="0.008" classname="com.rsr.qa.testcases.ApplicationConfigurationTest"/>
  <testcase name="AppConfigModule" time="1.219" classname="com.rsr.qa.testcases.ApplicationConfigurationTest">
    <failure type="org.openqa.selenium.ElementClickInterceptedException" message="element click intercepted: Element &amp;lt;a href=&amp;quot;/application-configuration&amp;quot;&amp;gt;...&amp;lt;/a&amp;gt; is not clickable at point (119, 181). Other element would receive the click: &amp;lt;div class=&amp;quot;ReactModal__Overlay ReactModal__Overlay--after-open&amp;quot; style=&amp;quot;position: fixed; inset: 0px; background-color: rgba(255, 255, 255, 0.75);&amp;quot;&amp;gt;...&amp;lt;/div&amp;gt;
  (Session info: chrome=96.0.4664.45)
Build info: version: &amp;apos;3.141.59&amp;apos;, revision: &amp;apos;e82be7d358&amp;apos;, time: &amp;apos;2018-11-14T08:17:03&amp;apos;
System info: host: &amp;apos;DESKTOP-BG3KCPN&amp;apos;, ip: &amp;apos;192.168.1.107&amp;apos;, os.name: &amp;apos;Windows 10&amp;apos;, os.arch: &amp;apos;amd64&amp;apos;, os.version: &amp;apos;10.0&amp;apos;, java.version: &amp;apos;1.8.0_181&amp;apos;
Driver info: org.openqa.selenium.chrome.ChromeDriver
Capabilities {acceptInsecureCerts: false, browserName: chrome, browserVersion: 96.0.4664.45, chrome: {chromedriverVersion: 96.0.4664.45 (76e4c1bb2ab46..., userDataDir: C:\Users\HP\AppData\Local\T...}, goog:chromeOptions: {debuggerAddress: localhost:56600}, javascriptEnabled: true, networkConnectionEnabled: false, pageLoadStrategy: normal, platform: WINDOWS, platformName: WINDOWS, proxy: Proxy(), setWindowRect: true, strictFileInteractability: false, timeouts: {implicit: 0, pageLoad: 300000, script: 30000}, unhandledPromptBehavior: dismiss and notify, webauthn:extension:credBlob: true, webauthn:extension:largeBlob: true, webauthn:virtualAuthenticators: true}
Session ID: dfb711fe7edacb1f05dd4f70c16398ad">
      <![CDATA[org.openqa.selenium.ElementClickInterceptedException: element click intercepted: Element <a href="/application-configuration">...</a> is not clickable at point (119, 181). Other element would receive the click: <div class="ReactModal__Overlay ReactModal__Overlay--after-open" style="position: fixed; inset: 0px; background-color: rgba(255, 255, 255, 0.75);">...</div>
  (Session info: chrome=96.0.4664.45)
Build info: version: '3.141.59', revision: 'e82be7d358', time: '2018-11-14T08:17:03'
System info: host: 'DESKTOP-BG3KCPN', ip: '192.168.1.107', os.name: 'Windows 10', os.arch: 'amd64', os.version: '10.0', java.version: '1.8.0_181'
Driver info: org.openqa.selenium.chrome.ChromeDriver
Capabilities {acceptInsecureCerts: false, browserName: chrome, browserVersion: 96.0.4664.45, chrome: {chromedriverVersion: 96.0.4664.45 (76e4c1bb2ab46..., userDataDir: C:\Users\HP\AppData\Local\T...}, goog:chromeOptions: {debuggerAddress: localhost:56600}, javascriptEnabled: true, networkConnectionEnabled: false, pageLoadStrategy: normal, platform: WINDOWS, platformName: WINDOWS, proxy: Proxy(), setWindowRect: true, strictFileInteractability: false, timeouts: {implicit: 0, pageLoad: 300000, script: 30000}, unhandledPromptBehavior: dismiss and notify, webauthn:extension:credBlob: true, webauthn:extension:largeBlob: true, webauthn:virtualAuthenticators: true}
Session ID: dfb711fe7edacb1f05dd4f70c16398ad
at org.openqa.selenium.remote.http.W3CHttpResponseCodec.createException(W3CHttpResponseCodec.java:187)
at org.openqa.selenium.remote.http.W3CHttpResponseCodec.decode(W3CHttpResponseCodec.java:122)
at org.openqa.selenium.remote.http.W3CHttpResponseCodec.decode(W3CHttpResponseCodec.java:49)
at org.openqa.selenium.remote.HttpCommandExecutor.execute(HttpCommandExecutor.java:158)
at org.openqa.selenium.remote.service.DriverCommandExecutor.execute(DriverCommandExecutor.java:83)
at org.openqa.selenium.remote.RemoteWebDriver.execute(RemoteWebDriver.java:552)
at org.openqa.selenium.remote.RemoteWebElement.execute(RemoteWebElement.java:285)
at org.openqa.selenium.remote.RemoteWebElement.click(RemoteWebElement.java:84)
at org.openqa.selenium.support.pagefactory.internal.LocatingElementHandler.invoke(LocatingElementHandler.java:51)
at com.sun.proxy.$Proxy9.click(Unknown Source)
at com.rsr.qa.pages.ApplicationConfiguration.AppConfig(ApplicationConfiguration.java:81)
at com.rsr.qa.testcases.ApplicationConfigurationTest.AppConfigModule(ApplicationConfigurationTest.java:70)
at java.util.ArrayList.forEach(ArrayList.java:1257)
... Removed 35 stack frames]]>
    </failure>
  </testcase> <!-- AppConfigModule -->
  <testcase name="ListOfDomainNames" time="4.251" classname="com.rsr.qa.testcases.ApplicationConfigurationTest"/>
  <testcase name="SMTP_Server_Host" time="0.309" classname="com.rsr.qa.testcases.ApplicationConfigurationTest"/>
  <testcase name="SMTP_Server_Port" time="0.419" classname="com.rsr.qa.testcases.ApplicationConfigurationTest"/>
  <testcase name="ReviewerScopeMailerId" time="0.399" classname="com.rsr.qa.testcases.ApplicationConfigurationTest"/>
  <testcase name="ReviewerScopeMailerPassword" time="0.33" classname="com.rsr.qa.testcases.ApplicationConfigurationTest"/>
  <testcase name="AdminUserEmail" time="0.375" classname="com.rsr.qa.testcases.ApplicationConfigurationTest"/>
  <testcase name="Question_Query_params" time="0.388" classname="com.rsr.qa.testcases.ApplicationConfigurationTest"/>
  <testcase name="File_upload_Query_params" time="0.83" classname="com.rsr.qa.testcases.ApplicationConfigurationTest"/>
  <testcase name="Output_files_list" time="1.114" classname="com.rsr.qa.testcases.ApplicationConfigurationTest"/>
  <testcase name="SubmitButton" time="0.096" classname="com.rsr.qa.testcases.ApplicationConfigurationTest"/>
  <testcase name="CloseSavedDataPopup" time="0.188" classname="com.rsr.qa.testcases.ApplicationConfigurationTest"/>
</testsuite> <!-- Test -->
