<?xml version="1.0" encoding="UTF-8"?>
<!-- Generated by org.testng.reporters.JUnitReportReporter -->
<testsuite skipped="0" hostname="DESKTOP-BG3KCPN" name="com.eic.qa.testcases.EnergyCostSimulation" tests="24" failures="1" timestamp="2021-06-25T09:49:36 IST" time="97.736" errors="1">
  <testcase name="setup" time="26.636" classname="com.eic.qa.testcases.EnergyCostSimulation"/>
  <system-out/>
  <testcase name="loginTest" time="0.508" classname="com.eic.qa.testcases.EnergyCostSimulation"/>
  <system-out/>
  <testcase name="PageTitel" time="1.010" classname="com.eic.qa.testcases.EnergyCostSimulation"/>
  <system-out/>
  <testcase name="downloadfiles" time="6.568" classname="com.eic.qa.testcases.EnergyCostSimulation"/>
  <system-out/>
  <testcase name="searchbyscenario" time="5.444" classname="com.eic.qa.testcases.EnergyCostSimulation"/>
  <system-out/>
  <testcase name="DeleteoldScenario" time="20.088" classname="com.eic.qa.testcases.EnergyCostSimulation"/>
  <system-out/>
  <testcase name="createnewScenario" time="2.145" classname="com.eic.qa.testcases.EnergyCostSimulation"/>
  <system-out/>
  <testcase name="scenariopubliccheckbox" time="0.878" classname="com.eic.qa.testcases.EnergyCostSimulation"/>
  <system-out/>
  <testcase name="basicdetails" time="0.629" classname="com.eic.qa.testcases.EnergyCostSimulation"/>
  <system-out/>
  <testcase name="locationdetails" time="0.555" classname="com.eic.qa.testcases.EnergyCostSimulation"/>
  <system-out/>
  <testcase name="SolarRadioButton" time="0.346" classname="com.eic.qa.testcases.EnergyCostSimulation"/>
  <system-out/>
  <testcase name="SolarTextFiled" time="0.233" classname="com.eic.qa.testcases.EnergyCostSimulation"/>
  <system-out/>
  <testcase name="SolarUploadFile" time="24.814" classname="com.eic.qa.testcases.EnergyCostSimulation">
    <failure type="java.lang.AssertionError" message="expected [Des_Moines_Iowa_10MW_Solar.csv] but found []">
      <![CDATA[java.lang.AssertionError: expected [Des_Moines_Iowa_10MW_Solar.csv] but found []
at org.testng.Assert.fail(Assert.java:99)
at org.testng.Assert.failNotEquals(Assert.java:1037)
at org.testng.Assert.assertEqualsImpl(Assert.java:140)
at org.testng.Assert.assertEquals(Assert.java:122)
at org.testng.Assert.assertEquals(Assert.java:629)
at org.testng.Assert.assertEquals(Assert.java:639)
at com.eic.qa.pages.EnergyProfiles.Solaruploadfile(EnergyProfiles.java:428)
at com.eic.qa.testcases.EnergyCostSimulation.SolarUploadFile(EnergyCostSimulation.java:332)
at sun.reflect.NativeMethodAccessorImpl.invoke0(Native Method)
at sun.reflect.NativeMethodAccessorImpl.invoke(NativeMethodAccessorImpl.java:62)
at sun.reflect.DelegatingMethodAccessorImpl.invoke(DelegatingMethodAccessorImpl.java:43)
at java.lang.reflect.Method.invoke(Method.java:498)
at org.testng.internal.MethodInvocationHelper.invokeMethod(MethodInvocationHelper.java:132)
at org.testng.internal.TestInvoker.invokeMethod(TestInvoker.java:599)
at org.testng.internal.TestInvoker.invokeTestMethod(TestInvoker.java:174)
at org.testng.internal.MethodRunner.runInSequence(MethodRunner.java:46)
at org.testng.internal.TestInvoker$MethodInvocationAgent.invoke(TestInvoker.java:822)
at org.testng.internal.TestInvoker.invokeTestMethods(TestInvoker.java:147)
at org.testng.internal.TestMethodWorker.invokeTestMethods(TestMethodWorker.java:146)
at org.testng.internal.TestMethodWorker.run(TestMethodWorker.java:128)
at java.util.ArrayList.forEach(ArrayList.java:1257)
at org.testng.TestRunner.privateRun(TestRunner.java:764)
at org.testng.TestRunner.run(TestRunner.java:585)
at org.testng.SuiteRunner.runTest(SuiteRunner.java:384)
at org.testng.SuiteRunner.runSequentially(SuiteRunner.java:378)
at org.testng.SuiteRunner.privateRun(SuiteRunner.java:337)
at org.testng.SuiteRunner.run(SuiteRunner.java:286)
at org.testng.SuiteRunnerWorker.runSuite(SuiteRunnerWorker.java:53)
at org.testng.SuiteRunnerWorker.run(SuiteRunnerWorker.java:96)
at org.testng.TestNG.runSuitesSequentially(TestNG.java:1218)
at org.testng.TestNG.runSuitesLocally(TestNG.java:1140)
at org.testng.TestNG.runSuites(TestNG.java:1069)
at org.testng.TestNG.run(TestNG.java:1037)
at org.testng.remote.AbstractRemoteTestNG.run(AbstractRemoteTestNG.java:115)
at org.testng.remote.RemoteTestNG.initAndRun(RemoteTestNG.java:251)
at org.testng.remote.RemoteTestNG.main(RemoteTestNG.java:77)
]]>
    </failure>
  </testcase> <!-- SolarUploadFile -->
  <system-out/>
  <testcase name="ScenarioInverterSize" time="0.205" classname="com.eic.qa.testcases.EnergyCostSimulation"/>
  <system-out/>
  <testcase name="WindRadioButton" time="0.136" classname="com.eic.qa.testcases.EnergyCostSimulation"/>
  <system-out/>
  <testcase name="WindTextField" time="0.043" classname="com.eic.qa.testcases.EnergyCostSimulation"/>
  <system-out/>
  <testcase name="windUploadFile" time="5.055" classname="com.eic.qa.testcases.EnergyCostSimulation"/>
  <system-out/>
  <testcase name="ScenarioFarmSize" time="0.049" classname="com.eic.qa.testcases.EnergyCostSimulation"/>
  <system-out/>
  <testcase name="utlityRadioBut" time="0.081" classname="com.eic.qa.testcases.EnergyCostSimulation"/>
  <system-out/>
  <testcase name="UtilityCapacity" time="0.242" classname="com.eic.qa.testcases.EnergyCostSimulation"/>
  <system-out/>
  <testcase name="savebutton" time="0.340" classname="com.eic.qa.testcases.EnergyCostSimulation"/>
  <system-out/>
  <testcase name="LoadCapacity" time="0.267" classname="com.eic.qa.testcases.EnergyCostSimulation"/>
  <system-out/>
  <testcase name="LoadProfileRadioButtonsselection" time="1.238" classname="com.eic.qa.testcases.EnergyCostSimulation">
    <error type="org.openqa.selenium.ElementClickInterceptedException" message="element click intercepted: Element &lt;input _ngcontent-gbs-c82=&quot;&quot; type=&quot;radio&quot; id=&quot;scenario_load_time_series&quot; name=&quot;customRadioSolar&quot; value=&quot;time_series_profile&quot; class=&quot;custom-control-input ng-untouched ng-pristine ng-valid&quot;&gt; is not clickable at point (281, 452). Other element would receive the click: &lt;label _ngcontent-gbs-c82=&quot;&quot; for=&quot;scenario_load_time_series&quot; class=&quot;custom-control-label font-weight-normal&quot;&gt;...&lt;/label&gt;
  (Session info: chrome=91.0.4472.114)
Build info: version: &#039;3.141.59&#039;, revision: &#039;e82be7d358&#039;, time: &#039;2018-11-14T08:17:03&#039;
System info: host: &#039;DESKTOP-BG3KCPN&#039;, ip: &#039;192.168.1.102&#039;, os.name: &#039;Windows 10&#039;, os.arch: &#039;amd64&#039;, os.version: &#039;10.0&#039;, java.version: &#039;1.8.0_181&#039;
Driver info: org.openqa.selenium.chrome.ChromeDriver
Capabilities {acceptInsecureCerts: false, browserName: chrome, browserVersion: 91.0.4472.114, chrome: {chromedriverVersion: 91.0.4472.19 (1bf021f248676..., userDataDir: C:\Users\HP\AppData\Local\T...}, goog:chromeOptions: {debuggerAddress: localhost:58387}, javascriptEnabled: true, networkConnectionEnabled: false, pageLoadStrategy: normal, platform: WINDOWS, platformName: WINDOWS, proxy: Proxy(), setWindowRect: true, strictFileInteractability: false, timeouts: {implicit: 0, pageLoad: 300000, script: 30000}, unhandledPromptBehavior: dismiss and notify, webauthn:extension:largeBlob: true, webauthn:virtualAuthenticators: true}
Session ID: 8302f4ef5a2920a92b005ac817350615">
      <![CDATA[org.openqa.selenium.ElementClickInterceptedException: element click intercepted: Element <input _ngcontent-gbs-c82="" type="radio" id="scenario_load_time_series" name="customRadioSolar" value="time_series_profile" class="custom-control-input ng-untouched ng-pristine ng-valid"> is not clickable at point (281, 452). Other element would receive the click: <label _ngcontent-gbs-c82="" for="scenario_load_time_series" class="custom-control-label font-weight-normal">...</label>
  (Session info: chrome=91.0.4472.114)
Build info: version: '3.141.59', revision: 'e82be7d358', time: '2018-11-14T08:17:03'
System info: host: 'DESKTOP-BG3KCPN', ip: '192.168.1.102', os.name: 'Windows 10', os.arch: 'amd64', os.version: '10.0', java.version: '1.8.0_181'
Driver info: org.openqa.selenium.chrome.ChromeDriver
Capabilities {acceptInsecureCerts: false, browserName: chrome, browserVersion: 91.0.4472.114, chrome: {chromedriverVersion: 91.0.4472.19 (1bf021f248676..., userDataDir: C:\Users\HP\AppData\Local\T...}, goog:chromeOptions: {debuggerAddress: localhost:58387}, javascriptEnabled: true, networkConnectionEnabled: false, pageLoadStrategy: normal, platform: WINDOWS, platformName: WINDOWS, proxy: Proxy(), setWindowRect: true, strictFileInteractability: false, timeouts: {implicit: 0, pageLoad: 300000, script: 30000}, unhandledPromptBehavior: dismiss and notify, webauthn:extension:largeBlob: true, webauthn:virtualAuthenticators: true}
Session ID: 8302f4ef5a2920a92b005ac817350615
at sun.reflect.NativeConstructorAccessorImpl.newInstance0(Native Method)
at sun.reflect.NativeConstructorAccessorImpl.newInstance(NativeConstructorAccessorImpl.java:62)
at sun.reflect.DelegatingConstructorAccessorImpl.newInstance(DelegatingConstructorAccessorImpl.java:45)
at java.lang.reflect.Constructor.newInstance(Constructor.java:423)
at org.openqa.selenium.remote.http.W3CHttpResponseCodec.createException(W3CHttpResponseCodec.java:187)
at org.openqa.selenium.remote.http.W3CHttpResponseCodec.decode(W3CHttpResponseCodec.java:122)
at org.openqa.selenium.remote.http.W3CHttpResponseCodec.decode(W3CHttpResponseCodec.java:49)
at org.openqa.selenium.remote.HttpCommandExecutor.execute(HttpCommandExecutor.java:158)
at org.openqa.selenium.remote.service.DriverCommandExecutor.execute(DriverCommandExecutor.java:83)
at org.openqa.selenium.remote.RemoteWebDriver.execute(RemoteWebDriver.java:552)
at org.openqa.selenium.remote.RemoteWebElement.execute(RemoteWebElement.java:285)
at org.openqa.selenium.remote.RemoteWebElement.click(RemoteWebElement.java:84)
at sun.reflect.NativeMethodAccessorImpl.invoke0(Native Method)
at sun.reflect.NativeMethodAccessorImpl.invoke(NativeMethodAccessorImpl.java:62)
at sun.reflect.DelegatingMethodAccessorImpl.invoke(DelegatingMethodAccessorImpl.java:43)
at java.lang.reflect.Method.invoke(Method.java:498)
at org.openqa.selenium.support.pagefactory.internal.LocatingElementHandler.invoke(LocatingElementHandler.java:51)
at com.sun.proxy.$Proxy9.click(Unknown Source)
at com.eic.qa.pages.LoadProfiles.LoadProfileRadioButtons(LoadProfiles.java:133)
at com.eic.qa.testcases.EnergyCostSimulation.LoadProfileRadioButtonsselection(EnergyCostSimulation.java:526)
at sun.reflect.NativeMethodAccessorImpl.invoke0(Native Method)
at sun.reflect.NativeMethodAccessorImpl.invoke(NativeMethodAccessorImpl.java:62)
at sun.reflect.DelegatingMethodAccessorImpl.invoke(DelegatingMethodAccessorImpl.java:43)
at java.lang.reflect.Method.invoke(Method.java:498)
at org.testng.internal.MethodInvocationHelper.invokeMethod(MethodInvocationHelper.java:132)
at org.testng.internal.TestInvoker.invokeMethod(TestInvoker.java:599)
at org.testng.internal.TestInvoker.invokeTestMethod(TestInvoker.java:174)
at org.testng.internal.MethodRunner.runInSequence(MethodRunner.java:46)
at org.testng.internal.TestInvoker$MethodInvocationAgent.invoke(TestInvoker.java:822)
at org.testng.internal.TestInvoker.invokeTestMethods(TestInvoker.java:147)
at org.testng.internal.TestMethodWorker.invokeTestMethods(TestMethodWorker.java:146)
at org.testng.internal.TestMethodWorker.run(TestMethodWorker.java:128)
at java.util.ArrayList.forEach(ArrayList.java:1257)
at org.testng.TestRunner.privateRun(TestRunner.java:764)
at org.testng.TestRunner.run(TestRunner.java:585)
at org.testng.SuiteRunner.runTest(SuiteRunner.java:384)
at org.testng.SuiteRunner.runSequentially(SuiteRunner.java:378)
at org.testng.SuiteRunner.privateRun(SuiteRunner.java:337)
at org.testng.SuiteRunner.run(SuiteRunner.java:286)
at org.testng.SuiteRunnerWorker.runSuite(SuiteRunnerWorker.java:53)
at org.testng.SuiteRunnerWorker.run(SuiteRunnerWorker.java:96)
at org.testng.TestNG.runSuitesSequentially(TestNG.java:1218)
at org.testng.TestNG.runSuitesLocally(TestNG.java:1140)
at org.testng.TestNG.runSuites(TestNG.java:1069)
at org.testng.TestNG.run(TestNG.java:1037)
at org.testng.remote.AbstractRemoteTestNG.run(AbstractRemoteTestNG.java:115)
at org.testng.remote.RemoteTestNG.initAndRun(RemoteTestNG.java:251)
at org.testng.remote.RemoteTestNG.main(RemoteTestNG.java:77)
]]>
    </error>
  </testcase> <!-- LoadProfileRadioButtonsselection -->
  <system-out/>
  <testcase name="PercentageofCapacity" time="0.226" classname="com.eic.qa.testcases.EnergyCostSimulation"/>
  <system-out/>
</testsuite> <!-- com.eic.qa.testcases.EnergyCostSimulation -->
