<?xml version="1.0" encoding="UTF-8"?>
<!-- Generated by org.testng.reporters.JUnitReportReporter -->
<testsuite skipped="0" hostname="DESKTOP-BG3KCPN" name="com.eic.qa.testcases.EnergyProfileTest" tests="14" failures="0" timestamp="2021-05-31T12:08:34 IST" time="63.542" errors="1">
  <testcase name="setup" time="28.744" classname="com.eic.qa.testcases.EnergyProfileTest"/>
  <system-out/>
  <testcase name="loginTest" time="0.891" classname="com.eic.qa.testcases.EnergyProfileTest"/>
  <system-out/>
  <testcase name="EnergyProfileLink" time="3.078" classname="com.eic.qa.testcases.EnergyProfileTest"/>
  <system-out/>
  <testcase name="SolarRadioButton" time="0.315" classname="com.eic.qa.testcases.EnergyProfileTest"/>
  <system-out/>
  <testcase name="SolarTextFiled" time="0.995" classname="com.eic.qa.testcases.EnergyProfileTest"/>
  <system-out/>
  <testcase name="SolarUploadFile" time="21.445" classname="com.eic.qa.testcases.EnergyProfileTest"/>
  <system-out/>
  <testcase name="ScenarioInverterSize" time="0.438" classname="com.eic.qa.testcases.EnergyProfileTest"/>
  <system-out/>
  <testcase name="WindRadioButton" time="1.309" classname="com.eic.qa.testcases.EnergyProfileTest">
    <error type="org.openqa.selenium.ElementClickInterceptedException" message="element click intercepted: Element &lt;label _ngcontent-maq-c63=&quot;&quot; for=&quot;scenario_energy_wind_checkbox&quot; class=&quot;custom-control-label&quot;&gt;...&lt;/label&gt; is not clickable at point (886, 12). Other element would receive the click: &lt;div _ngcontent-maq-c52=&quot;&quot; id=&quot;navbarSupportedContent&quot; class=&quot;collapse navbar-collapse&quot;&gt;...&lt;/div&gt;
  (Session info: chrome=91.0.4472.77)
Build info: version: &#039;3.141.59&#039;, revision: &#039;e82be7d358&#039;, time: &#039;2018-11-14T08:17:03&#039;
System info: host: &#039;DESKTOP-BG3KCPN&#039;, ip: &#039;192.168.1.100&#039;, os.name: &#039;Windows 10&#039;, os.arch: &#039;amd64&#039;, os.version: &#039;10.0&#039;, java.version: &#039;1.8.0_181&#039;
Driver info: org.openqa.selenium.chrome.ChromeDriver
Capabilities {acceptInsecureCerts: false, browserName: chrome, browserVersion: 91.0.4472.77, chrome: {chromedriverVersion: 91.0.4472.19 (1bf021f248676..., userDataDir: C:\Users\HP\AppData\Local\T...}, goog:chromeOptions: {debuggerAddress: localhost:63468}, javascriptEnabled: true, networkConnectionEnabled: false, pageLoadStrategy: normal, platform: WINDOWS, platformName: WINDOWS, proxy: Proxy(), setWindowRect: true, strictFileInteractability: false, timeouts: {implicit: 0, pageLoad: 300000, script: 30000}, unhandledPromptBehavior: dismiss and notify, webauthn:extension:largeBlob: true, webauthn:virtualAuthenticators: true}
Session ID: 681218066ebd991a1f536c2d59a023a9">
      <![CDATA[org.openqa.selenium.ElementClickInterceptedException: element click intercepted: Element <label _ngcontent-maq-c63="" for="scenario_energy_wind_checkbox" class="custom-control-label">...</label> is not clickable at point (886, 12). Other element would receive the click: <div _ngcontent-maq-c52="" id="navbarSupportedContent" class="collapse navbar-collapse">...</div>
  (Session info: chrome=91.0.4472.77)
Build info: version: '3.141.59', revision: 'e82be7d358', time: '2018-11-14T08:17:03'
System info: host: 'DESKTOP-BG3KCPN', ip: '192.168.1.100', os.name: 'Windows 10', os.arch: 'amd64', os.version: '10.0', java.version: '1.8.0_181'
Driver info: org.openqa.selenium.chrome.ChromeDriver
Capabilities {acceptInsecureCerts: false, browserName: chrome, browserVersion: 91.0.4472.77, chrome: {chromedriverVersion: 91.0.4472.19 (1bf021f248676..., userDataDir: C:\Users\HP\AppData\Local\T...}, goog:chromeOptions: {debuggerAddress: localhost:63468}, javascriptEnabled: true, networkConnectionEnabled: false, pageLoadStrategy: normal, platform: WINDOWS, platformName: WINDOWS, proxy: Proxy(), setWindowRect: true, strictFileInteractability: false, timeouts: {implicit: 0, pageLoad: 300000, script: 30000}, unhandledPromptBehavior: dismiss and notify, webauthn:extension:largeBlob: true, webauthn:virtualAuthenticators: true}
Session ID: 681218066ebd991a1f536c2d59a023a9
at sun.reflect.NativeConstructorAccessorImpl.newInstance0(Native Method)
at sun.reflect.NativeConstructorAccessorImpl.newInstance(NativeConstructorAccessorImpl.java:62)
at sun.reflect.DelegatingConstructorAccessorImpl.newInstance(DelegatingConstructorAccessorImpl.java:45)
at java.lang.reflect.Constructor.newInstance(Constructor.java:423)
at org.openqa.selenium.remote.http.W3CHttpResponseCodec.createException(W3CHttpResponseCodec.java:187)
at org.openqa.selenium.remote.http.W3CHttpResponseCodec.decode(W3CHttpResponseCodec.java:122)
at org.openqa.selenium.remote.http.W3CHttpResponseCodec.decode(W3CHttpResponseCodec.java:49)
at org.openqa.selenium.remote.HttpCommandExecutor.execute(HttpCommandExecutor.java:158)
at org.openqa.selenium.remote.service.DriverCommandExecutor.execute(DriverCommandExecutor.java:83)
at org.openqa.selenium.remote.RemoteWebDriver.execute(RemoteWebDriver.java:552)
at org.openqa.selenium.remote.RemoteWebElement.execute(RemoteWebElement.java:285)
at org.openqa.selenium.remote.RemoteWebElement.click(RemoteWebElement.java:84)
at sun.reflect.NativeMethodAccessorImpl.invoke0(Native Method)
at sun.reflect.NativeMethodAccessorImpl.invoke(NativeMethodAccessorImpl.java:62)
at sun.reflect.DelegatingMethodAccessorImpl.invoke(DelegatingMethodAccessorImpl.java:43)
at java.lang.reflect.Method.invoke(Method.java:498)
at org.openqa.selenium.support.pagefactory.internal.LocatingElementHandler.invoke(LocatingElementHandler.java:51)
at com.sun.proxy.$Proxy9.click(Unknown Source)
at com.eic.qa.pages.EnergyProfiles.WindRadioBut(EnergyProfiles.java:270)
at com.eic.qa.testcases.EnergyProfileTest.WindRadioButton(EnergyProfileTest.java:162)
at sun.reflect.NativeMethodAccessorImpl.invoke0(Native Method)
at sun.reflect.NativeMethodAccessorImpl.invoke(NativeMethodAccessorImpl.java:62)
at sun.reflect.DelegatingMethodAccessorImpl.invoke(DelegatingMethodAccessorImpl.java:43)
at java.lang.reflect.Method.invoke(Method.java:498)
at org.testng.internal.MethodInvocationHelper.invokeMethod(MethodInvocationHelper.java:132)
at org.testng.internal.TestInvoker.invokeMethod(TestInvoker.java:599)
at org.testng.internal.TestInvoker.invokeTestMethod(TestInvoker.java:174)
at org.testng.internal.MethodRunner.runInSequence(MethodRunner.java:46)
at org.testng.internal.TestInvoker$MethodInvocationAgent.invoke(TestInvoker.java:822)
at org.testng.internal.TestInvoker.invokeTestMethods(TestInvoker.java:147)
at org.testng.internal.TestMethodWorker.invokeTestMethods(TestMethodWorker.java:146)
at org.testng.internal.TestMethodWorker.run(TestMethodWorker.java:128)
at java.util.ArrayList.forEach(ArrayList.java:1257)
at org.testng.TestRunner.privateRun(TestRunner.java:764)
at org.testng.TestRunner.run(TestRunner.java:585)
at org.testng.SuiteRunner.runTest(SuiteRunner.java:384)
at org.testng.SuiteRunner.runSequentially(SuiteRunner.java:378)
at org.testng.SuiteRunner.privateRun(SuiteRunner.java:337)
at org.testng.SuiteRunner.run(SuiteRunner.java:286)
at org.testng.SuiteRunnerWorker.runSuite(SuiteRunnerWorker.java:53)
at org.testng.SuiteRunnerWorker.run(SuiteRunnerWorker.java:96)
at org.testng.TestNG.runSuitesSequentially(TestNG.java:1218)
at org.testng.TestNG.runSuitesLocally(TestNG.java:1140)
at org.testng.TestNG.runSuites(TestNG.java:1069)
at org.testng.TestNG.run(TestNG.java:1037)
at org.testng.remote.AbstractRemoteTestNG.run(AbstractRemoteTestNG.java:115)
at org.testng.remote.RemoteTestNG.initAndRun(RemoteTestNG.java:251)
at org.testng.remote.RemoteTestNG.main(RemoteTestNG.java:77)
]]>
    </error>
  </testcase> <!-- WindRadioButton -->
  <system-out/>
  <testcase name="WindTextField" time="0.092" classname="com.eic.qa.testcases.EnergyProfileTest"/>
  <system-out/>
  <testcase name="windUploadFile" time="5.112" classname="com.eic.qa.testcases.EnergyProfileTest"/>
  <system-out/>
  <testcase name="ScenarioFarmSize" time="0.099" classname="com.eic.qa.testcases.EnergyProfileTest"/>
  <system-out/>
  <testcase name="utlityRadioBut" time="0.361" classname="com.eic.qa.testcases.EnergyProfileTest"/>
  <system-out/>
  <testcase name="UtilityCapacity" time="0.322" classname="com.eic.qa.testcases.EnergyProfileTest"/>
  <system-out/>
  <testcase name="savebutton" time="0.341" classname="com.eic.qa.testcases.EnergyProfileTest"/>
  <system-out/>
</testsuite> <!-- com.eic.qa.testcases.EnergyProfileTest -->
