<?xml version="1.0" encoding="UTF-8"?>
<!-- Generated by org.testng.reporters.JUnitReportReporter -->
<testsuite skipped="67" hostname="DESKTOP-BG3KCPN" name="com.eic.qa.testcases.SolarScenarioTest" tests="76" failures="0" timestamp="2021-06-02T15:15:51 IST" time="88.344" errors="3">
  <testcase name="setup" time="20.457" classname="com.eic.qa.testcases.SolarScenarioTest"/>
  <system-out/>
  <testcase name="downloadfiles" time="5.417" classname="com.eic.qa.testcases.SolarScenarioTest"/>
  <system-out/>
  <testcase name="captureScreen" time="0.005" classname="com.eic.qa.testcases.SolarScenarioTest">
    <error type="org.openqa.selenium.NoSuchWindowException" message="no such window: target window already closed
from unknown error: web view not found
  (Session info: chrome=91.0.4472.77)
Build info: version: &#039;3.141.59&#039;, revision: &#039;e82be7d358&#039;, time: &#039;2018-11-14T08:17:03&#039;
System info: host: &#039;DESKTOP-BG3KCPN&#039;, ip: &#039;192.168.1.100&#039;, os.name: &#039;Windows 10&#039;, os.arch: &#039;amd64&#039;, os.version: &#039;10.0&#039;, java.version: &#039;1.8.0_181&#039;
Driver info: org.openqa.selenium.chrome.ChromeDriver
Capabilities {acceptInsecureCerts: false, browserName: chrome, browserVersion: 91.0.4472.77, chrome: {chromedriverVersion: 91.0.4472.19 (1bf021f248676..., userDataDir: C:\Users\HP\AppData\Local\T...}, goog:chromeOptions: {debuggerAddress: localhost:59045}, javascriptEnabled: true, networkConnectionEnabled: false, pageLoadStrategy: normal, platform: WINDOWS, platformName: WINDOWS, proxy: Proxy(), setWindowRect: true, strictFileInteractability: false, timeouts: {implicit: 0, pageLoad: 300000, script: 30000}, unhandledPromptBehavior: dismiss and notify, webauthn:extension:largeBlob: true, webauthn:virtualAuthenticators: true}
Session ID: 1823f0b34b2bf4964a6913d20a4399d3">
      <![CDATA[org.openqa.selenium.NoSuchWindowException: no such window: target window already closed
from unknown error: web view not found
  (Session info: chrome=91.0.4472.77)
Build info: version: '3.141.59', revision: 'e82be7d358', time: '2018-11-14T08:17:03'
System info: host: 'DESKTOP-BG3KCPN', ip: '192.168.1.100', os.name: 'Windows 10', os.arch: 'amd64', os.version: '10.0', java.version: '1.8.0_181'
Driver info: org.openqa.selenium.chrome.ChromeDriver
Capabilities {acceptInsecureCerts: false, browserName: chrome, browserVersion: 91.0.4472.77, chrome: {chromedriverVersion: 91.0.4472.19 (1bf021f248676..., userDataDir: C:\Users\HP\AppData\Local\T...}, goog:chromeOptions: {debuggerAddress: localhost:59045}, javascriptEnabled: true, networkConnectionEnabled: false, pageLoadStrategy: normal, platform: WINDOWS, platformName: WINDOWS, proxy: Proxy(), setWindowRect: true, strictFileInteractability: false, timeouts: {implicit: 0, pageLoad: 300000, script: 30000}, unhandledPromptBehavior: dismiss and notify, webauthn:extension:largeBlob: true, webauthn:virtualAuthenticators: true}
Session ID: 1823f0b34b2bf4964a6913d20a4399d3
at sun.reflect.NativeConstructorAccessorImpl.newInstance0(Native Method)
at sun.reflect.NativeConstructorAccessorImpl.newInstance(NativeConstructorAccessorImpl.java:62)
at sun.reflect.DelegatingConstructorAccessorImpl.newInstance(DelegatingConstructorAccessorImpl.java:45)
at java.lang.reflect.Constructor.newInstance(Constructor.java:423)
at org.openqa.selenium.remote.http.W3CHttpResponseCodec.createException(W3CHttpResponseCodec.java:187)
at org.openqa.selenium.remote.http.W3CHttpResponseCodec.decode(W3CHttpResponseCodec.java:122)
at org.openqa.selenium.remote.http.W3CHttpResponseCodec.decode(W3CHttpResponseCodec.java:49)
at org.openqa.selenium.remote.HttpCommandExecutor.execute(HttpCommandExecutor.java:158)
at org.openqa.selenium.remote.service.DriverCommandExecutor.execute(DriverCommandExecutor.java:83)
at org.openqa.selenium.remote.RemoteWebDriver.execute(RemoteWebDriver.java:552)
at org.openqa.selenium.remote.RemoteWebDriver.execute(RemoteWebDriver.java:609)
at org.openqa.selenium.remote.RemoteWebDriver.getScreenshotAs(RemoteWebDriver.java:295)
at com.eic.qa.base.TestBase.captureScreen(TestBase.java:135)
at sun.reflect.NativeMethodAccessorImpl.invoke0(Native Method)
at sun.reflect.NativeMethodAccessorImpl.invoke(NativeMethodAccessorImpl.java:62)
at sun.reflect.DelegatingMethodAccessorImpl.invoke(DelegatingMethodAccessorImpl.java:43)
at java.lang.reflect.Method.invoke(Method.java:498)
at org.testng.internal.MethodInvocationHelper.invokeMethod(MethodInvocationHelper.java:133)
at org.testng.internal.MethodInvocationHelper.invokeMethodConsideringTimeout(MethodInvocationHelper.java:62)
at org.testng.internal.ConfigInvoker.invokeConfigurationMethod(ConfigInvoker.java:385)
at org.testng.internal.ConfigInvoker.invokeConfigurations(ConfigInvoker.java:321)
at org.testng.internal.TestInvoker.runConfigMethods(TestInvoker.java:700)
at org.testng.internal.TestInvoker.runAfterGroupsConfigurations(TestInvoker.java:676)
at org.testng.internal.TestInvoker.invokeMethod(TestInvoker.java:660)
at org.testng.internal.TestInvoker.invokeTestMethod(TestInvoker.java:173)
at org.testng.internal.MethodRunner.runInSequence(MethodRunner.java:46)
at org.testng.internal.TestInvoker$MethodInvocationAgent.invoke(TestInvoker.java:824)
at org.testng.internal.TestInvoker.invokeTestMethods(TestInvoker.java:146)
at org.testng.internal.TestMethodWorker.invokeTestMethods(TestMethodWorker.java:146)
at org.testng.internal.TestMethodWorker.run(TestMethodWorker.java:128)
at java.util.ArrayList.forEach(ArrayList.java:1257)
at org.testng.TestRunner.privateRun(TestRunner.java:794)
at org.testng.TestRunner.run(TestRunner.java:596)
at org.testng.SuiteRunner.runTest(SuiteRunner.java:377)
at org.testng.SuiteRunner.runSequentially(SuiteRunner.java:371)
at org.testng.SuiteRunner.privateRun(SuiteRunner.java:332)
at org.testng.SuiteRunner.run(SuiteRunner.java:276)
at org.testng.SuiteRunnerWorker.runSuite(SuiteRunnerWorker.java:53)
at org.testng.SuiteRunnerWorker.run(SuiteRunnerWorker.java:96)
at org.testng.TestNG.runSuitesSequentially(TestNG.java:1212)
at org.testng.TestNG.runSuitesLocally(TestNG.java:1134)
at org.testng.TestNG.runSuites(TestNG.java:1063)
at org.testng.TestNG.run(TestNG.java:1031)
at org.apache.maven.surefire.testng.TestNGExecutor.run(TestNGExecutor.java:284)
at org.apache.maven.surefire.testng.TestNGXmlTestSuite.execute(TestNGXmlTestSuite.java:75)
at org.apache.maven.surefire.testng.TestNGProvider.invoke(TestNGProvider.java:119)
at org.apache.maven.surefire.booter.ForkedBooter.runSuitesInProcess(ForkedBooter.java:428)
at org.apache.maven.surefire.booter.ForkedBooter.execute(ForkedBooter.java:162)
at org.apache.maven.surefire.booter.ForkedBooter.run(ForkedBooter.java:562)
at org.apache.maven.surefire.booter.ForkedBooter.main(ForkedBooter.java:548)
]]>
    </error>
  </testcase> <!-- captureScreen -->
  <system-out/>
  <testcase name="loginTest" time="0.518" classname="com.eic.qa.testcases.SolarScenarioTest"/>
  <system-out/>
  <testcase name="PageTitel" time="1.029" classname="com.eic.qa.testcases.SolarScenarioTest"/>
  <system-out/>
  <testcase name="searchbyscenariodelete" time="6.027" classname="com.eic.qa.testcases.SolarScenarioTest"/>
  <system-out/>
  <testcase name="Simulation1" time="20.110" classname="com.eic.qa.testcases.SolarScenarioTest"/>
  <system-out/>
  <testcase name="createScenario" time="20.033" classname="com.eic.qa.testcases.SolarScenarioTest">
    <error type="org.openqa.selenium.NoSuchElementException" message="no such element: Unable to locate element: {&quot;method&quot;:&quot;css selector&quot;,&quot;selector&quot;:&quot;#scenarios_create_button&quot;}
  (Session info: chrome=91.0.4472.77)
For documentation on this error, please visit: https://www.seleniumhq.org/exceptions/no_such_element.html
Build info: version: &#039;3.141.59&#039;, revision: &#039;e82be7d358&#039;, time: &#039;2018-11-14T08:17:03&#039;
System info: host: &#039;DESKTOP-BG3KCPN&#039;, ip: &#039;192.168.1.100&#039;, os.name: &#039;Windows 10&#039;, os.arch: &#039;amd64&#039;, os.version: &#039;10.0&#039;, java.version: &#039;1.8.0_181&#039;
Driver info: org.openqa.selenium.chrome.ChromeDriver
Capabilities {acceptInsecureCerts: false, browserName: chrome, browserVersion: 91.0.4472.77, chrome: {chromedriverVersion: 91.0.4472.19 (1bf021f248676..., userDataDir: C:\Users\HP\AppData\Local\T...}, goog:chromeOptions: {debuggerAddress: localhost:59045}, javascriptEnabled: true, networkConnectionEnabled: false, pageLoadStrategy: normal, platform: WINDOWS, platformName: WINDOWS, proxy: Proxy(), setWindowRect: true, strictFileInteractability: false, timeouts: {implicit: 0, pageLoad: 300000, script: 30000}, unhandledPromptBehavior: dismiss and notify, webauthn:extension:largeBlob: true, webauthn:virtualAuthenticators: true}
Session ID: 1823f0b34b2bf4964a6913d20a4399d3
*** Element info: {Using=id, value=scenarios_create_button}">
      <![CDATA[org.openqa.selenium.NoSuchElementException: no such element: Unable to locate element: {"method":"css selector","selector":"#scenarios_create_button"}
  (Session info: chrome=91.0.4472.77)
For documentation on this error, please visit: https://www.seleniumhq.org/exceptions/no_such_element.html
Build info: version: '3.141.59', revision: 'e82be7d358', time: '2018-11-14T08:17:03'
System info: host: 'DESKTOP-BG3KCPN', ip: '192.168.1.100', os.name: 'Windows 10', os.arch: 'amd64', os.version: '10.0', java.version: '1.8.0_181'
Driver info: org.openqa.selenium.chrome.ChromeDriver
Capabilities {acceptInsecureCerts: false, browserName: chrome, browserVersion: 91.0.4472.77, chrome: {chromedriverVersion: 91.0.4472.19 (1bf021f248676..., userDataDir: C:\Users\HP\AppData\Local\T...}, goog:chromeOptions: {debuggerAddress: localhost:59045}, javascriptEnabled: true, networkConnectionEnabled: false, pageLoadStrategy: normal, platform: WINDOWS, platformName: WINDOWS, proxy: Proxy(), setWindowRect: true, strictFileInteractability: false, timeouts: {implicit: 0, pageLoad: 300000, script: 30000}, unhandledPromptBehavior: dismiss and notify, webauthn:extension:largeBlob: true, webauthn:virtualAuthenticators: true}
Session ID: 1823f0b34b2bf4964a6913d20a4399d3
*** Element info: {Using=id, value=scenarios_create_button}
at sun.reflect.NativeConstructorAccessorImpl.newInstance0(Native Method)
at sun.reflect.NativeConstructorAccessorImpl.newInstance(NativeConstructorAccessorImpl.java:62)
at sun.reflect.DelegatingConstructorAccessorImpl.newInstance(DelegatingConstructorAccessorImpl.java:45)
at java.lang.reflect.Constructor.newInstance(Constructor.java:423)
at org.openqa.selenium.remote.http.W3CHttpResponseCodec.createException(W3CHttpResponseCodec.java:187)
at org.openqa.selenium.remote.http.W3CHttpResponseCodec.decode(W3CHttpResponseCodec.java:122)
at org.openqa.selenium.remote.http.W3CHttpResponseCodec.decode(W3CHttpResponseCodec.java:49)
at org.openqa.selenium.remote.HttpCommandExecutor.execute(HttpCommandExecutor.java:158)
at org.openqa.selenium.remote.service.DriverCommandExecutor.execute(DriverCommandExecutor.java:83)
at org.openqa.selenium.remote.RemoteWebDriver.execute(RemoteWebDriver.java:552)
at org.openqa.selenium.remote.RemoteWebDriver.findElement(RemoteWebDriver.java:323)
at org.openqa.selenium.remote.RemoteWebDriver.findElementById(RemoteWebDriver.java:372)
at org.openqa.selenium.By$ById.findElement(By.java:188)
at org.openqa.selenium.remote.RemoteWebDriver.findElement(RemoteWebDriver.java:315)
at org.openqa.selenium.support.pagefactory.DefaultElementLocator.findElement(DefaultElementLocator.java:69)
at org.openqa.selenium.support.pagefactory.internal.LocatingElementHandler.invoke(LocatingElementHandler.java:38)
at com.sun.proxy.$Proxy7.click(Unknown Source)
at com.eic.qa.pages.ScenarioInformation.CreateScenario(ScenarioInformation.java:98)
at com.eic.qa.testcases.SolarScenarioTest.createScenario(SolarScenarioTest.java:122)
at sun.reflect.NativeMethodAccessorImpl.invoke0(Native Method)
at sun.reflect.NativeMethodAccessorImpl.invoke(NativeMethodAccessorImpl.java:62)
at sun.reflect.DelegatingMethodAccessorImpl.invoke(DelegatingMethodAccessorImpl.java:43)
at java.lang.reflect.Method.invoke(Method.java:498)
at org.testng.internal.MethodInvocationHelper.invokeMethod(MethodInvocationHelper.java:133)
at org.testng.internal.TestInvoker.invokeMethod(TestInvoker.java:598)
at org.testng.internal.TestInvoker.invokeTestMethod(TestInvoker.java:173)
at org.testng.internal.MethodRunner.runInSequence(MethodRunner.java:46)
at org.testng.internal.TestInvoker$MethodInvocationAgent.invoke(TestInvoker.java:824)
at org.testng.internal.TestInvoker.invokeTestMethods(TestInvoker.java:146)
at org.testng.internal.TestMethodWorker.invokeTestMethods(TestMethodWorker.java:146)
at org.testng.internal.TestMethodWorker.run(TestMethodWorker.java:128)
at java.util.ArrayList.forEach(ArrayList.java:1257)
at org.testng.TestRunner.privateRun(TestRunner.java:794)
at org.testng.TestRunner.run(TestRunner.java:596)
at org.testng.SuiteRunner.runTest(SuiteRunner.java:377)
at org.testng.SuiteRunner.runSequentially(SuiteRunner.java:371)
at org.testng.SuiteRunner.privateRun(SuiteRunner.java:332)
at org.testng.SuiteRunner.run(SuiteRunner.java:276)
at org.testng.SuiteRunnerWorker.runSuite(SuiteRunnerWorker.java:53)
at org.testng.SuiteRunnerWorker.run(SuiteRunnerWorker.java:96)
at org.testng.TestNG.runSuitesSequentially(TestNG.java:1212)
at org.testng.TestNG.runSuitesLocally(TestNG.java:1134)
at org.testng.TestNG.runSuites(TestNG.java:1063)
at org.testng.TestNG.run(TestNG.java:1031)
at org.apache.maven.surefire.testng.TestNGExecutor.run(TestNGExecutor.java:284)
at org.apache.maven.surefire.testng.TestNGXmlTestSuite.execute(TestNGXmlTestSuite.java:75)
at org.apache.maven.surefire.testng.TestNGProvider.invoke(TestNGProvider.java:119)
at org.apache.maven.surefire.booter.ForkedBooter.runSuitesInProcess(ForkedBooter.java:428)
at org.apache.maven.surefire.booter.ForkedBooter.execute(ForkedBooter.java:162)
at org.apache.maven.surefire.booter.ForkedBooter.run(ForkedBooter.java:562)
at org.apache.maven.surefire.booter.ForkedBooter.main(ForkedBooter.java:548)
]]>
    </error>
  </testcase> <!-- createScenario -->
  <system-out/>
  <testcase name="scenariopubliccheckbox" time="14.747" classname="com.eic.qa.testcases.SolarScenarioTest">
    <error type="org.openqa.selenium.NoSuchElementException" message="Cannot locate an element using xpath=//*[@id=&quot;scenario-information&quot;]/div[3]/div[1]/div/form/div[2]/div[2]/div/div/label
For documentation on this error, please visit: https://www.seleniumhq.org/exceptions/no_such_element.html
Build info: version: &#039;3.141.59&#039;, revision: &#039;e82be7d358&#039;, time: &#039;2018-11-14T08:17:03&#039;
System info: host: &#039;DESKTOP-BG3KCPN&#039;, ip: &#039;192.168.1.100&#039;, os.name: &#039;Windows 10&#039;, os.arch: &#039;amd64&#039;, os.version: &#039;10.0&#039;, java.version: &#039;1.8.0_181&#039;
Driver info: driver.version: RemoteWebDriver">
      <![CDATA[org.openqa.selenium.NoSuchElementException: Cannot locate an element using xpath=//*[@id="scenario-information"]/div[3]/div[1]/div/form/div[2]/div[2]/div/div/label
For documentation on this error, please visit: https://www.seleniumhq.org/exceptions/no_such_element.html
Build info: version: '3.141.59', revision: 'e82be7d358', time: '2018-11-14T08:17:03'
System info: host: 'DESKTOP-BG3KCPN', ip: '192.168.1.100', os.name: 'Windows 10', os.arch: 'amd64', os.version: '10.0', java.version: '1.8.0_181'
Driver info: driver.version: RemoteWebDriver
at org.openqa.selenium.remote.RemoteWebDriver.findElement(RemoteWebDriver.java:327)
at org.openqa.selenium.remote.RemoteWebDriver.findElementByXPath(RemoteWebDriver.java:428)
at org.openqa.selenium.By$ByXPath.findElement(By.java:353)
at org.openqa.selenium.remote.RemoteWebDriver.findElement(RemoteWebDriver.java:315)
at org.openqa.selenium.support.pagefactory.DefaultElementLocator.findElement(DefaultElementLocator.java:69)
at org.openqa.selenium.support.pagefactory.internal.LocatingElementHandler.invoke(LocatingElementHandler.java:38)
at com.sun.proxy.$Proxy7.isEnabled(Unknown Source)
at com.eic.qa.pages.ScenarioInformation.publicElement(ScenarioInformation.java:115)
at com.eic.qa.testcases.SolarScenarioTest.scenariopubliccheckbox(SolarScenarioTest.java:132)
at sun.reflect.NativeMethodAccessorImpl.invoke0(Native Method)
at sun.reflect.NativeMethodAccessorImpl.invoke(NativeMethodAccessorImpl.java:62)
at sun.reflect.DelegatingMethodAccessorImpl.invoke(DelegatingMethodAccessorImpl.java:43)
at java.lang.reflect.Method.invoke(Method.java:498)
at org.testng.internal.MethodInvocationHelper.invokeMethod(MethodInvocationHelper.java:133)
at org.testng.internal.TestInvoker.invokeMethod(TestInvoker.java:598)
at org.testng.internal.TestInvoker.invokeTestMethod(TestInvoker.java:173)
at org.testng.internal.MethodRunner.runInSequence(MethodRunner.java:46)
at org.testng.internal.TestInvoker$MethodInvocationAgent.invoke(TestInvoker.java:824)
at org.testng.internal.TestInvoker.invokeTestMethods(TestInvoker.java:146)
at org.testng.internal.TestMethodWorker.invokeTestMethods(TestMethodWorker.java:146)
at org.testng.internal.TestMethodWorker.run(TestMethodWorker.java:128)
at java.util.ArrayList.forEach(ArrayList.java:1257)
at org.testng.TestRunner.privateRun(TestRunner.java:794)
at org.testng.TestRunner.run(TestRunner.java:596)
at org.testng.SuiteRunner.runTest(SuiteRunner.java:377)
at org.testng.SuiteRunner.runSequentially(SuiteRunner.java:371)
at org.testng.SuiteRunner.privateRun(SuiteRunner.java:332)
at org.testng.SuiteRunner.run(SuiteRunner.java:276)
at org.testng.SuiteRunnerWorker.runSuite(SuiteRunnerWorker.java:53)
at org.testng.SuiteRunnerWorker.run(SuiteRunnerWorker.java:96)
at org.testng.TestNG.runSuitesSequentially(TestNG.java:1212)
at org.testng.TestNG.runSuitesLocally(TestNG.java:1134)
at org.testng.TestNG.runSuites(TestNG.java:1063)
at org.testng.TestNG.run(TestNG.java:1031)
at org.apache.maven.surefire.testng.TestNGExecutor.run(TestNGExecutor.java:284)
at org.apache.maven.surefire.testng.TestNGXmlTestSuite.execute(TestNGXmlTestSuite.java:75)
at org.apache.maven.surefire.testng.TestNGProvider.invoke(TestNGProvider.java:119)
at org.apache.maven.surefire.booter.ForkedBooter.runSuitesInProcess(ForkedBooter.java:428)
at org.apache.maven.surefire.booter.ForkedBooter.execute(ForkedBooter.java:162)
at org.apache.maven.surefire.booter.ForkedBooter.run(ForkedBooter.java:562)
at org.apache.maven.surefire.booter.ForkedBooter.main(ForkedBooter.java:548)
]]>
    </error>
  </testcase> <!-- scenariopubliccheckbox -->
  <system-out/>
  <testcase name="basicdetails" time="0.000" classname="com.eic.qa.testcases.SolarScenarioTest">
    <skipped/>
  </testcase> <!-- basicdetails -->
  <system-out/>
  <testcase name="locationdetails" time="0.000" classname="com.eic.qa.testcases.SolarScenarioTest">
    <skipped/>
  </testcase> <!-- locationdetails -->
  <system-out/>
  <testcase name="SolarRadioButton" time="0.000" classname="com.eic.qa.testcases.SolarScenarioTest">
    <skipped/>
  </testcase> <!-- SolarRadioButton -->
  <system-out/>
  <testcase name="SolarTextFiled" time="0.000" classname="com.eic.qa.testcases.SolarScenarioTest">
    <skipped/>
  </testcase> <!-- SolarTextFiled -->
  <system-out/>
  <testcase name="SolarUploadFile" time="0.000" classname="com.eic.qa.testcases.SolarScenarioTest">
    <skipped/>
  </testcase> <!-- SolarUploadFile -->
  <system-out/>
  <testcase name="ScenarioInverterSize" time="0.000" classname="com.eic.qa.testcases.SolarScenarioTest">
    <skipped/>
  </testcase> <!-- ScenarioInverterSize -->
  <system-out/>
  <testcase name="WindRadioButton" time="0.000" classname="com.eic.qa.testcases.SolarScenarioTest">
    <skipped/>
  </testcase> <!-- WindRadioButton -->
  <system-out/>
  <testcase name="WindTextField" time="0.000" classname="com.eic.qa.testcases.SolarScenarioTest">
    <skipped/>
  </testcase> <!-- WindTextField -->
  <system-out/>
  <testcase name="windUploadFile" time="0.000" classname="com.eic.qa.testcases.SolarScenarioTest">
    <skipped/>
  </testcase> <!-- windUploadFile -->
  <system-out/>
  <testcase name="ScenarioFarmSize" time="0.000" classname="com.eic.qa.testcases.SolarScenarioTest">
    <skipped/>
  </testcase> <!-- ScenarioFarmSize -->
  <system-out/>
  <testcase name="utlityRadioBut" time="0.000" classname="com.eic.qa.testcases.SolarScenarioTest">
    <skipped/>
  </testcase> <!-- utlityRadioBut -->
  <system-out/>
  <testcase name="UtilityCapacity" time="0.000" classname="com.eic.qa.testcases.SolarScenarioTest">
    <skipped/>
  </testcase> <!-- UtilityCapacity -->
  <system-out/>
  <testcase name="savebutton" time="0.000" classname="com.eic.qa.testcases.SolarScenarioTest">
    <skipped/>
  </testcase> <!-- savebutton -->
  <system-out/>
  <testcase name="LoadCapacity" time="0.000" classname="com.eic.qa.testcases.SolarScenarioTest">
    <skipped/>
  </testcase> <!-- LoadCapacity -->
  <system-out/>
  <testcase name="LoadProfileRadioButtonsselection" time="0.000" classname="com.eic.qa.testcases.SolarScenarioTest">
    <skipped/>
  </testcase> <!-- LoadProfileRadioButtonsselection -->
  <system-out/>
  <testcase name="PercentageofCapacity" time="0.000" classname="com.eic.qa.testcases.SolarScenarioTest">
    <skipped/>
  </testcase> <!-- PercentageofCapacity -->
  <system-out/>
  <testcase name="saveButton" time="0.000" classname="com.eic.qa.testcases.SolarScenarioTest">
    <skipped/>
  </testcase> <!-- saveButton -->
  <system-out/>
  <testcase name="StoteType" time="0.000" classname="com.eic.qa.testcases.SolarScenarioTest">
    <skipped/>
  </testcase> <!-- StoteType -->
  <system-out/>
  <testcase name="StorageCapacity" time="0.000" classname="com.eic.qa.testcases.SolarScenarioTest">
    <skipped/>
  </testcase> <!-- StorageCapacity -->
  <system-out/>
  <testcase name="TargetReserveCapacity" time="0.000" classname="com.eic.qa.testcases.SolarScenarioTest">
    <skipped/>
  </testcase> <!-- TargetReserveCapacity -->
  <system-out/>
  <testcase name="StorageInitialCharge" time="0.000" classname="com.eic.qa.testcases.SolarScenarioTest">
    <skipped/>
  </testcase> <!-- StorageInitialCharge -->
  <system-out/>
  <testcase name="Capacityvalues" time="0.000" classname="com.eic.qa.testcases.SolarScenarioTest">
    <skipped/>
  </testcase> <!-- Capacityvalues -->
  <system-out/>
  <testcase name="CapacityTotalDischargeRate" time="0.000" classname="com.eic.qa.testcases.SolarScenarioTest">
    <skipped/>
  </testcase> <!-- CapacityTotalDischargeRate -->
  <system-out/>
  <testcase name="CapacityTotalChargeRate" time="0.000" classname="com.eic.qa.testcases.SolarScenarioTest">
    <skipped/>
  </testcase> <!-- CapacityTotalChargeRate -->
  <system-out/>
  <testcase name="SelectEfficiency" time="0.000" classname="com.eic.qa.testcases.SolarScenarioTest">
    <skipped/>
  </testcase> <!-- SelectEfficiency -->
  <system-out/>
  <testcase name="Efficiencytextfiled" time="0.000" classname="com.eic.qa.testcases.SolarScenarioTest">
    <skipped/>
  </testcase> <!-- Efficiencytextfiled -->
  <system-out/>
  <testcase name="saveAndContinue" time="0.000" classname="com.eic.qa.testcases.SolarScenarioTest">
    <skipped/>
  </testcase> <!-- saveAndContinue -->
  <system-out/>
  <testcase name="Lifetimeofplant" time="0.000" classname="com.eic.qa.testcases.SolarScenarioTest">
    <skipped/>
  </testcase> <!-- Lifetimeofplant -->
  <system-out/>
  <testcase name="DiscountRate" time="0.000" classname="com.eic.qa.testcases.SolarScenarioTest">
    <skipped/>
  </testcase> <!-- DiscountRate -->
  <system-out/>
  <testcase name="Solar" time="0.000" classname="com.eic.qa.testcases.SolarScenarioTest">
    <skipped/>
  </testcase> <!-- Solar -->
  <system-out/>
  <testcase name="solarcapitalcostvalue" time="0.000" classname="com.eic.qa.testcases.SolarScenarioTest">
    <skipped/>
  </testcase> <!-- solarcapitalcostvalue -->
  <system-out/>
  <testcase name="solarAnnualMaintenanceCostvalue" time="0.000" classname="com.eic.qa.testcases.SolarScenarioTest">
    <skipped/>
  </testcase> <!-- solarAnnualMaintenanceCostvalue -->
  <system-out/>
  <testcase name="Wind" time="0.000" classname="com.eic.qa.testcases.SolarScenarioTest">
    <skipped/>
  </testcase> <!-- Wind -->
  <system-out/>
  <testcase name="windcapitalcostvalue" time="0.000" classname="com.eic.qa.testcases.SolarScenarioTest">
    <skipped/>
  </testcase> <!-- windcapitalcostvalue -->
  <system-out/>
  <testcase name="windAnnualMaintenanceCostvalue" time="0.000" classname="com.eic.qa.testcases.SolarScenarioTest">
    <skipped/>
  </testcase> <!-- windAnnualMaintenanceCostvalue -->
  <system-out/>
  <testcase name="EiLiquid" time="0.000" classname="com.eic.qa.testcases.SolarScenarioTest">
    <skipped/>
  </testcase> <!-- EiLiquid -->
  <system-out/>
  <testcase name="DCESEIPlant" time="0.001" classname="com.eic.qa.testcases.SolarScenarioTest">
    <skipped/>
  </testcase> <!-- DCESEIPlant -->
  <system-out/>
  <testcase name="eiStorageTotalCapitalCostvalue" time="0.000" classname="com.eic.qa.testcases.SolarScenarioTest">
    <skipped/>
  </testcase> <!-- eiStorageTotalCapitalCostvalue -->
  <system-out/>
  <testcase name="eiStorageAnnualMaintenanceCostvalue" time="0.000" classname="com.eic.qa.testcases.SolarScenarioTest">
    <skipped/>
  </testcase> <!-- eiStorageAnnualMaintenanceCostvalue -->
  <system-out/>
  <testcase name="eiDCESModuleTotalCapitalCostvalue" time="0.000" classname="com.eic.qa.testcases.SolarScenarioTest">
    <skipped/>
  </testcase> <!-- eiDCESModuleTotalCapitalCostvalue -->
  <system-out/>
  <testcase name="eiDCESAnnualMaintenanceCostvalue" time="0.000" classname="com.eic.qa.testcases.SolarScenarioTest">
    <skipped/>
  </testcase> <!-- eiDCESAnnualMaintenanceCostvalue -->
  <system-out/>
  <testcase name="UtilityGrid" time="0.000" classname="com.eic.qa.testcases.SolarScenarioTest">
    <skipped/>
  </testcase> <!-- UtilityGrid -->
  <system-out/>
  <testcase name="utilTotalCapitalCostvalue" time="0.000" classname="com.eic.qa.testcases.SolarScenarioTest">
    <skipped/>
  </testcase> <!-- utilTotalCapitalCostvalue -->
  <system-out/>
  <testcase name="utilTotalAnnualMaintenanceCostvalue" time="0.000" classname="com.eic.qa.testcases.SolarScenarioTest">
    <skipped/>
  </testcase> <!-- utilTotalAnnualMaintenanceCostvalue -->
  <system-out/>
  <testcase name="DataCenterCost" time="0.000" classname="com.eic.qa.testcases.SolarScenarioTest">
    <skipped/>
  </testcase> <!-- DataCenterCost -->
  <system-out/>
  <testcase name="TotalCapitalCostvalue" time="0.000" classname="com.eic.qa.testcases.SolarScenarioTest">
    <skipped/>
  </testcase> <!-- TotalCapitalCostvalue -->
  <system-out/>
  <testcase name="TotalAnnualMaintenanceCostvalue" time="0.000" classname="com.eic.qa.testcases.SolarScenarioTest">
    <skipped/>
  </testcase> <!-- TotalAnnualMaintenanceCostvalue -->
  <system-out/>
  <testcase name="save" time="0.000" classname="com.eic.qa.testcases.SolarScenarioTest">
    <skipped/>
  </testcase> <!-- save -->
  <system-out/>
  <testcase name="searchbyname" time="0.000" classname="com.eic.qa.testcases.SolarScenarioTest">
    <skipped/>
  </testcase> <!-- searchbyname -->
  <system-out/>
  <testcase name="Simulation" time="0.000" classname="com.eic.qa.testcases.SolarScenarioTest">
    <skipped/>
  </testcase> <!-- Simulation -->
  <system-out/>
  <testcase name="CapacityFactorsSummary" time="0.000" classname="com.eic.qa.testcases.SolarScenarioTest">
    <skipped/>
  </testcase> <!-- CapacityFactorsSummary -->
  <system-out/>
  <testcase name="tcotabledata" time="0.000" classname="com.eic.qa.testcases.SolarScenarioTest">
    <skipped/>
  </testcase> <!-- tcotabledata -->
  <system-out/>
  <testcase name="energytabledata" time="0.000" classname="com.eic.qa.testcases.SolarScenarioTest">
    <skipped/>
  </testcase> <!-- energytabledata -->
  <system-out/>
  <testcase name="LCOEtabledata" time="0.000" classname="com.eic.qa.testcases.SolarScenarioTest">
    <skipped/>
  </testcase> <!-- LCOEtabledata -->
  <system-out/>
  <testcase name="TImeSerieslink" time="0.000" classname="com.eic.qa.testcases.SolarScenarioTest">
    <skipped/>
  </testcase> <!-- TImeSerieslink -->
  <system-out/>
  <testcase name="AvailableRenewablePowerCheckbox" time="0.000" classname="com.eic.qa.testcases.SolarScenarioTest">
    <skipped/>
  </testcase> <!-- AvailableRenewablePowerCheckbox -->
  <system-out/>
  <testcase name="PowerToLoadCheckboxField" time="0.000" classname="com.eic.qa.testcases.SolarScenarioTest">
    <skipped/>
  </testcase> <!-- PowerToLoadCheckboxField -->
  <system-out/>
  <testcase name="OverallPowerSummaryCheckboxField" time="0.000" classname="com.eic.qa.testcases.SolarScenarioTest">
    <skipped/>
  </testcase> <!-- OverallPowerSummaryCheckboxField -->
  <system-out/>
  <testcase name="StoredEnergyCheckboxField" time="0.000" classname="com.eic.qa.testcases.SolarScenarioTest">
    <skipped/>
  </testcase> <!-- StoredEnergyCheckboxField -->
  <system-out/>
  <testcase name="RadioButtonFieldTimebased" time="0.000" classname="com.eic.qa.testcases.SolarScenarioTest">
    <skipped/>
  </testcase> <!-- RadioButtonFieldTimebased -->
  <system-out/>
  <testcase name="CashflowTable" time="0.000" classname="com.eic.qa.testcases.SolarScenarioTest">
    <skipped/>
  </testcase> <!-- CashflowTable -->
  <system-out/>
  <testcase name="unDiscountedCashFlowDownload" time="0.000" classname="com.eic.qa.testcases.SolarScenarioTest">
    <skipped/>
  </testcase> <!-- unDiscountedCashFlowDownload -->
  <system-out/>
  <testcase name="DiscountedCashFlowDownload" time="0.000" classname="com.eic.qa.testcases.SolarScenarioTest">
    <skipped/>
  </testcase> <!-- DiscountedCashFlowDownload -->
  <system-out/>
  <testcase name="Scenario" time="0.000" classname="com.eic.qa.testcases.SolarScenarioTest">
    <skipped/>
  </testcase> <!-- Scenario -->
  <system-out/>
  <testcase name="Scenariotext" time="0.000" classname="com.eic.qa.testcases.SolarScenarioTest">
    <skipped/>
  </testcase> <!-- Scenariotext -->
  <system-out/>
  <testcase name="sameContentOfExcelFiles1" time="0.000" classname="com.eic.qa.testcases.SolarScenarioTest">
    <skipped/>
  </testcase> <!-- sameContentOfExcelFiles1 -->
  <system-out/>
  <testcase name="teardown" time="0.000" classname="com.eic.qa.testcases.SolarScenarioTest">
    <skipped/>
  </testcase> <!-- teardown -->
  <system-out/>
</testsuite> <!-- com.eic.qa.testcases.SolarScenarioTest -->
